{"contracts\\BaseStrategy.sol":{"l":{"72":0,"73":0,"90":0,"91":0,"93":0,"100":0,"101":0,"102":0,"104":0,"105":0,"107":0,"111":0,"112":0,"114":0,"115":0,"116":0,"118":0,"122":0,"124":0,"125":0,"126":0,"129":0,"130":0,"131":0,"134":0,"135":0,"138":0,"139":0,"142":0,"143":0,"144":0,"146":0,"147":0,"150":0,"153":0,"154":0,"157":0,"159":0,"161":0,"166":0,"167":0,"169":0,"175":0,"178":0,"182":0,"183":0,"185":0,"187":0,"189":0,"196":0,"199":0,"203":0,"204":0,"206":0,"208":0,"210":0,"217":0,"220":0,"224":0,"228":0,"232":0,"233":0,"237":0,"238":0,"242":0,"243":0,"247":0,"257":0,"258":0,"259":0,"260":0,"261":0,"262":0,"263":0,"264":0,"265":0,"267":0,"281":0,"282":0,"283":0,"285":0,"286":0,"287":0,"289":0,"297":0,"298":0,"300":0,"314":0,"315":0,"317":0},"path":"E:\\GitRepositories\\_Doublo\\apeswap-vaults\\contracts\\BaseStrategy.sol","s":{"1":0,"2":0,"3":0,"4":0,"5":0,"6":0,"7":0,"8":0,"9":0,"10":0,"11":0,"12":0,"13":0,"14":0,"15":0,"16":0,"17":0,"18":0,"19":0,"20":0,"21":0,"22":0,"23":0,"24":0,"25":0,"26":0,"27":0,"28":0,"29":0,"30":0,"31":0,"32":0,"33":0,"34":0,"35":0,"36":0,"37":0,"38":0,"39":0,"40":0,"41":0,"42":0,"43":0,"44":0,"45":0,"46":0,"47":0,"48":0,"49":0,"50":0,"51":0,"52":0,"53":0,"54":0,"55":0,"56":0,"57":0,"58":0,"59":0,"60":0,"61":0,"62":0,"63":0,"64":0,"65":0,"66":0,"67":0,"68":0,"69":0,"70":0,"71":0,"72":0,"73":0,"74":0,"75":0,"76":0,"77":0,"78":0,"79":0,"80":0,"81":0,"82":0,"83":0,"84":0,"85":0,"86":0,"87":0,"88":0,"89":0,"90":0},"b":{"1":[0,0],"2":[0,0],"3":[0,0],"4":[0,0],"5":[0,0],"6":[0,0],"7":[0,0],"8":[0,0],"9":[0,0],"10":[0,0],"11":[0,0],"12":[0,0],"13":[0,0],"14":[0,0],"15":[0,0],"16":[0,0],"17":[0,0],"18":[0,0],"19":[0,0],"20":[0,0],"21":[0,0],"22":[0,0],"23":[0,0]},"f":{"1":0,"2":0,"3":0,"4":0,"5":0,"6":0,"7":0,"8":0,"9":0,"10":0,"11":0,"12":0,"13":0,"14":0,"15":0,"16":0,"17":0},"fnMap":{"1":{"name":"onlyGov","line":71,"loc":{"start":{"line":71,"column":4},"end":{"line":74,"column":4}}},"2":{"name":"deposit","line":88,"loc":{"start":{"line":88,"column":4},"end":{"line":108,"column":4}}},"3":{"name":"_farm","line":110,"loc":{"start":{"line":110,"column":4},"end":{"line":119,"column":4}}},"4":{"name":"withdraw","line":121,"loc":{"start":{"line":121,"column":4},"end":{"line":162,"column":4}}},"5":{"name":"distributeFees","line":165,"loc":{"start":{"line":165,"column":4},"end":{"line":179,"column":4}}},"6":{"name":"distributeRewards","line":181,"loc":{"start":{"line":181,"column":4},"end":{"line":200,"column":4}}},"7":{"name":"buyBack","line":202,"loc":{"start":{"line":202,"column":4},"end":{"line":221,"column":4}}},"8":{"name":"resetAllowances","line":223,"loc":{"start":{"line":223,"column":4},"end":{"line":225,"column":4}}},"9":{"name":"pause","line":227,"loc":{"start":{"line":227,"column":4},"end":{"line":229,"column":4}}},"10":{"name":"unpause","line":231,"loc":{"start":{"line":231,"column":4},"end":{"line":234,"column":4}}},"11":{"name":"panic","line":236,"loc":{"start":{"line":236,"column":4},"end":{"line":239,"column":4}}},"12":{"name":"unpanic","line":241,"loc":{"start":{"line":241,"column":4},"end":{"line":244,"column":4}}},"13":{"name":"setGov","line":246,"loc":{"start":{"line":246,"column":4},"end":{"line":248,"column":4}}},"14":{"name":"setSettings","line":256,"loc":{"start":{"line":250,"column":4},"end":{"line":274,"column":4}}},"15":{"name":"setAddresses","line":280,"loc":{"start":{"line":276,"column":4},"end":{"line":290,"column":4}}},"16":{"name":"_safeSwap","line":292,"loc":{"start":{"line":292,"column":4},"end":{"line":307,"column":4}}},"17":{"name":"_safeSwapWnative","line":309,"loc":{"start":{"line":309,"column":4},"end":{"line":324,"column":4}}}},"statementMap":{"1":{"start":{"line":72,"column":8},"end":{"line":72,"column":48}},"2":{"start":{"line":90,"column":8},"end":{"line":90,"column":35}},"3":{"start":{"line":91,"column":8},"end":{"line":91,"column":52}},"4":{"start":{"line":93,"column":8},"end":{"line":93,"column":3517}},"5":{"start":{"line":100,"column":8},"end":{"line":100,"column":37}},"6":{"start":{"line":101,"column":8},"end":{"line":101,"column":3786}},"7":{"start":{"line":102,"column":12},"end":{"line":102,"column":75}},"8":{"start":{"line":104,"column":8},"end":{"line":104,"column":65}},"9":{"start":{"line":105,"column":8},"end":{"line":105,"column":49}},"10":{"start":{"line":107,"column":8},"end":{"line":107,"column":26}},"11":{"start":{"line":111,"column":8},"end":{"line":111,"column":70}},"12":{"start":{"line":112,"column":8},"end":{"line":112,"column":34}},"13":{"start":{"line":112,"column":26},"end":{"line":112,"column":34}},"14":{"start":{"line":114,"column":8},"end":{"line":114,"column":49}},"15":{"start":{"line":115,"column":8},"end":{"line":115,"column":29}},"16":{"start":{"line":116,"column":8},"end":{"line":116,"column":48}},"17":{"start":{"line":118,"column":8},"end":{"line":118,"column":44}},"18":{"start":{"line":122,"column":8},"end":{"line":122,"column":45}},"19":{"start":{"line":124,"column":8},"end":{"line":124,"column":36}},"20":{"start":{"line":125,"column":8},"end":{"line":125,"column":70}},"21":{"start":{"line":126,"column":8},"end":{"line":126,"column":54}},"22":{"start":{"line":129,"column":8},"end":{"line":129,"column":4849}},"23":{"start":{"line":130,"column":12},"end":{"line":130,"column":48}},"24":{"start":{"line":131,"column":12},"end":{"line":131,"column":65}},"25":{"start":{"line":134,"column":8},"end":{"line":134,"column":5018}},"26":{"start":{"line":135,"column":12},"end":{"line":135,"column":29}},"27":{"start":{"line":138,"column":8},"end":{"line":138,"column":5099}},"28":{"start":{"line":139,"column":12},"end":{"line":139,"column":40}},"29":{"start":{"line":142,"column":8},"end":{"line":142,"column":85}},"30":{"start":{"line":143,"column":8},"end":{"line":143,"column":5290}},"31":{"start":{"line":144,"column":12},"end":{"line":144,"column":38}},"32":{"start":{"line":146,"column":8},"end":{"line":146,"column":70}},"33":{"start":{"line":147,"column":8},"end":{"line":147,"column":51}},"34":{"start":{"line":150,"column":8},"end":{"line":150,"column":5584}},"35":{"start":{"line":153,"column":8},"end":{"line":153,"column":5701}},"36":{"start":{"line":154,"column":12},"end":{"line":154,"column":76}},"37":{"start":{"line":157,"column":8},"end":{"line":157,"column":43}},"38":{"start":{"line":159,"column":8},"end":{"line":159,"column":67}},"39":{"start":{"line":161,"column":8},"end":{"line":161,"column":28}},"40":{"start":{"line":166,"column":8},"end":{"line":166,"column":6120}},"41":{"start":{"line":167,"column":12},"end":{"line":167,"column":68}},"42":{"start":{"line":169,"column":12},"end":{"line":169,"column":6239}},"43":{"start":{"line":175,"column":12},"end":{"line":175,"column":43}},"44":{"start":{"line":178,"column":8},"end":{"line":178,"column":25}},"45":{"start":{"line":182,"column":8},"end":{"line":182,"column":6551}},"46":{"start":{"line":183,"column":12},"end":{"line":183,"column":65}},"47":{"start":{"line":185,"column":12},"end":{"line":185,"column":6660}},"48":{"start":{"line":187,"column":16},"end":{"line":187,"column":69}},"49":{"start":{"line":189,"column":16},"end":{"line":189,"column":6868}},"50":{"start":{"line":196,"column":12},"end":{"line":196,"column":43}},"51":{"start":{"line":199,"column":8},"end":{"line":199,"column":25}},"52":{"start":{"line":203,"column":8},"end":{"line":203,"column":7192}},"53":{"start":{"line":204,"column":12},"end":{"line":204,"column":73}},"54":{"start":{"line":206,"column":12},"end":{"line":206,"column":7310}},"55":{"start":{"line":208,"column":16},"end":{"line":208,"column":77}},"56":{"start":{"line":210,"column":16},"end":{"line":210,"column":7526}},"57":{"start":{"line":217,"column":12},"end":{"line":217,"column":50}},"58":{"start":{"line":220,"column":8},"end":{"line":220,"column":25}},"59":{"start":{"line":224,"column":8},"end":{"line":224,"column":25}},"60":{"start":{"line":228,"column":8},"end":{"line":228,"column":15}},"61":{"start":{"line":232,"column":8},"end":{"line":232,"column":17}},"62":{"start":{"line":233,"column":8},"end":{"line":233,"column":25}},"63":{"start":{"line":237,"column":8},"end":{"line":237,"column":15}},"64":{"start":{"line":238,"column":8},"end":{"line":238,"column":32}},"65":{"start":{"line":242,"column":8},"end":{"line":242,"column":17}},"66":{"start":{"line":243,"column":8},"end":{"line":243,"column":14}},"67":{"start":{"line":247,"column":8},"end":{"line":247,"column":31}},"68":{"start":{"line":257,"column":8},"end":{"line":257,"column":101}},"69":{"start":{"line":258,"column":8},"end":{"line":258,"column":90}},"70":{"start":{"line":259,"column":8},"end":{"line":259,"column":92}},"71":{"start":{"line":260,"column":8},"end":{"line":260,"column":81}},"72":{"start":{"line":261,"column":8},"end":{"line":261,"column":37}},"73":{"start":{"line":262,"column":8},"end":{"line":262,"column":31}},"74":{"start":{"line":263,"column":8},"end":{"line":263,"column":33}},"75":{"start":{"line":264,"column":8},"end":{"line":264,"column":45}},"76":{"start":{"line":265,"column":8},"end":{"line":265,"column":39}},"77":{"start":{"line":267,"column":8},"end":{"line":267,"column":9167}},"78":{"start":{"line":281,"column":8},"end":{"line":281,"column":77}},"79":{"start":{"line":282,"column":8},"end":{"line":282,"column":70}},"80":{"start":{"line":283,"column":8},"end":{"line":283,"column":72}},"81":{"start":{"line":285,"column":8},"end":{"line":285,"column":37}},"82":{"start":{"line":286,"column":8},"end":{"line":286,"column":47}},"83":{"start":{"line":287,"column":8},"end":{"line":287,"column":39}},"84":{"start":{"line":289,"column":8},"end":{"line":289,"column":77}},"85":{"start":{"line":297,"column":8},"end":{"line":297,"column":97}},"86":{"start":{"line":298,"column":8},"end":{"line":298,"column":58}},"87":{"start":{"line":300,"column":8},"end":{"line":300,"column":10275}},"88":{"start":{"line":314,"column":8},"end":{"line":314,"column":97}},"89":{"start":{"line":315,"column":8},"end":{"line":315,"column":58}},"90":{"start":{"line":317,"column":8},"end":{"line":317,"column":10823}}},"branchMap":{"1":{"line":72,"type":"if","locations":[{"start":{"line":72,"column":8},"end":{"line":72,"column":8}},{"start":{"line":72,"column":8},"end":{"line":72,"column":8}}]},"2":{"line":101,"type":"if","locations":[{"start":{"line":101,"column":8},"end":{"line":101,"column":8}},{"start":{"line":101,"column":8},"end":{"line":101,"column":8}}]},"3":{"line":104,"type":"if","locations":[{"start":{"line":104,"column":8},"end":{"line":104,"column":8}},{"start":{"line":104,"column":8},"end":{"line":104,"column":8}}]},"4":{"line":112,"type":"if","locations":[{"start":{"line":112,"column":8},"end":{"line":112,"column":8}},{"start":{"line":112,"column":8},"end":{"line":112,"column":8}}]},"5":{"line":122,"type":"if","locations":[{"start":{"line":122,"column":8},"end":{"line":122,"column":8}},{"start":{"line":122,"column":8},"end":{"line":122,"column":8}}]},"6":{"line":129,"type":"if","locations":[{"start":{"line":129,"column":8},"end":{"line":129,"column":8}},{"start":{"line":129,"column":8},"end":{"line":129,"column":8}}]},"7":{"line":134,"type":"if","locations":[{"start":{"line":134,"column":8},"end":{"line":134,"column":8}},{"start":{"line":134,"column":8},"end":{"line":134,"column":8}}]},"8":{"line":138,"type":"if","locations":[{"start":{"line":138,"column":8},"end":{"line":138,"column":8}},{"start":{"line":138,"column":8},"end":{"line":138,"column":8}}]},"9":{"line":143,"type":"if","locations":[{"start":{"line":143,"column":8},"end":{"line":143,"column":8}},{"start":{"line":143,"column":8},"end":{"line":143,"column":8}}]},"10":{"line":146,"type":"if","locations":[{"start":{"line":146,"column":8},"end":{"line":146,"column":8}},{"start":{"line":146,"column":8},"end":{"line":146,"column":8}}]},"11":{"line":153,"type":"if","locations":[{"start":{"line":153,"column":8},"end":{"line":153,"column":8}},{"start":{"line":153,"column":8},"end":{"line":153,"column":8}}]},"12":{"line":166,"type":"if","locations":[{"start":{"line":166,"column":8},"end":{"line":166,"column":8}},{"start":{"line":166,"column":8},"end":{"line":166,"column":8}}]},"13":{"line":182,"type":"if","locations":[{"start":{"line":182,"column":8},"end":{"line":182,"column":8}},{"start":{"line":182,"column":8},"end":{"line":182,"column":8}}]},"14":{"line":185,"type":"if","locations":[{"start":{"line":185,"column":12},"end":{"line":185,"column":12}},{"start":{"line":185,"column":12},"end":{"line":185,"column":12}}]},"15":{"line":203,"type":"if","locations":[{"start":{"line":203,"column":8},"end":{"line":203,"column":8}},{"start":{"line":203,"column":8},"end":{"line":203,"column":8}}]},"16":{"line":206,"type":"if","locations":[{"start":{"line":206,"column":12},"end":{"line":206,"column":12}},{"start":{"line":206,"column":12},"end":{"line":206,"column":12}}]},"17":{"line":257,"type":"if","locations":[{"start":{"line":257,"column":8},"end":{"line":257,"column":8}},{"start":{"line":257,"column":8},"end":{"line":257,"column":8}}]},"18":{"line":258,"type":"if","locations":[{"start":{"line":258,"column":8},"end":{"line":258,"column":8}},{"start":{"line":258,"column":8},"end":{"line":258,"column":8}}]},"19":{"line":259,"type":"if","locations":[{"start":{"line":259,"column":8},"end":{"line":259,"column":8}},{"start":{"line":259,"column":8},"end":{"line":259,"column":8}}]},"20":{"line":260,"type":"if","locations":[{"start":{"line":260,"column":8},"end":{"line":260,"column":8}},{"start":{"line":260,"column":8},"end":{"line":260,"column":8}}]},"21":{"line":281,"type":"if","locations":[{"start":{"line":281,"column":8},"end":{"line":281,"column":8}},{"start":{"line":281,"column":8},"end":{"line":281,"column":8}}]},"22":{"line":282,"type":"if","locations":[{"start":{"line":282,"column":8},"end":{"line":282,"column":8}},{"start":{"line":282,"column":8},"end":{"line":282,"column":8}}]},"23":{"line":283,"type":"if","locations":[{"start":{"line":283,"column":8},"end":{"line":283,"column":8}},{"start":{"line":283,"column":8},"end":{"line":283,"column":8}}]}}},"contracts\\BaseStrategyLP.sol":{"l":{"22":0,"23":0,"25":0,"33":0,"34":0,"36":0},"path":"E:\\GitRepositories\\_Doublo\\apeswap-vaults\\contracts\\BaseStrategyLP.sol","s":{"1":0,"2":0,"3":0,"4":0,"5":0,"6":0},"b":{"1":[0,0],"2":[0,0]},"f":{"1":0},"fnMap":{"1":{"name":"convertDustToEarned","line":18,"loc":{"start":{"line":18,"column":4},"end":{"line":42,"column":4}}}},"statementMap":{"1":{"start":{"line":22,"column":8},"end":{"line":22,"column":74}},"2":{"start":{"line":23,"column":8},"end":{"line":23,"column":780}},"3":{"start":{"line":25,"column":12},"end":{"line":25,"column":906}},"4":{"start":{"line":33,"column":8},"end":{"line":33,"column":74}},"5":{"start":{"line":34,"column":8},"end":{"line":34,"column":1183}},"6":{"start":{"line":36,"column":12},"end":{"line":36,"column":1309}}},"branchMap":{"1":{"line":23,"type":"if","locations":[{"start":{"line":23,"column":8},"end":{"line":23,"column":8}},{"start":{"line":23,"column":8},"end":{"line":23,"column":8}}]},"2":{"line":34,"type":"if","locations":[{"start":{"line":34,"column":8},"end":{"line":34,"column":8}},{"start":{"line":34,"column":8},"end":{"line":34,"column":8}}]}}},"contracts\\BaseStrategyLPSingle.sol":{"l":{"11":0,"15":0,"20":0,"23":0,"25":0,"26":0,"27":0,"28":0,"30":0,"32":0,"39":0,"41":0,"49":0,"50":0,"51":0,"52":0,"64":0,"66":0},"path":"E:\\GitRepositories\\_Doublo\\apeswap-vaults\\contracts\\BaseStrategyLPSingle.sol","s":{"1":0,"2":0,"3":0,"4":0,"5":0,"6":0,"7":0,"8":0,"9":0,"10":0,"11":0,"12":0,"13":0,"14":0,"15":0,"16":0,"17":0,"18":0},"b":{"1":[0,0],"2":[0,0],"3":[0,0],"4":[0,0]},"f":{"1":0,"2":0,"3":0},"fnMap":{"1":{"name":"earn","line":10,"loc":{"start":{"line":10,"column":4},"end":{"line":12,"column":4}}},"2":{"name":"earn","line":14,"loc":{"start":{"line":14,"column":4},"end":{"line":16,"column":4}}},"3":{"name":"_earn","line":18,"loc":{"start":{"line":18,"column":4},"end":{"line":68,"column":4}}}},"statementMap":{"1":{"start":{"line":11,"column":8},"end":{"line":11,"column":26}},"2":{"start":{"line":15,"column":8},"end":{"line":15,"column":17}},"3":{"start":{"line":20,"column":8},"end":{"line":20,"column":22}},"4":{"start":{"line":23,"column":8},"end":{"line":23,"column":74}},"5":{"start":{"line":25,"column":8},"end":{"line":25,"column":692}},"6":{"start":{"line":26,"column":12},"end":{"line":26,"column":53}},"7":{"start":{"line":27,"column":12},"end":{"line":27,"column":51}},"8":{"start":{"line":28,"column":12},"end":{"line":28,"column":41}},"9":{"start":{"line":30,"column":12},"end":{"line":30,"column":893}},"10":{"start":{"line":32,"column":16},"end":{"line":32,"column":999}},"11":{"start":{"line":39,"column":12},"end":{"line":39,"column":1175}},"12":{"start":{"line":41,"column":16},"end":{"line":41,"column":1281}},"13":{"start":{"line":49,"column":12},"end":{"line":49,"column":78}},"14":{"start":{"line":50,"column":12},"end":{"line":50,"column":78}},"15":{"start":{"line":51,"column":12},"end":{"line":51,"column":1670}},"16":{"start":{"line":52,"column":16},"end":{"line":52,"column":1729}},"17":{"start":{"line":64,"column":12},"end":{"line":64,"column":39}},"18":{"start":{"line":66,"column":12},"end":{"line":66,"column":18}}},"branchMap":{"1":{"line":25,"type":"if","locations":[{"start":{"line":25,"column":8},"end":{"line":25,"column":8}},{"start":{"line":25,"column":8},"end":{"line":25,"column":8}}]},"2":{"line":30,"type":"if","locations":[{"start":{"line":30,"column":12},"end":{"line":30,"column":12}},{"start":{"line":30,"column":12},"end":{"line":30,"column":12}}]},"3":{"line":39,"type":"if","locations":[{"start":{"line":39,"column":12},"end":{"line":39,"column":12}},{"start":{"line":39,"column":12},"end":{"line":39,"column":12}}]},"4":{"line":51,"type":"if","locations":[{"start":{"line":51,"column":12},"end":{"line":51,"column":12}},{"start":{"line":51,"column":12},"end":{"line":51,"column":12}}]}}},"contracts\\BaseStrategySingle.sol":{"l":{},"path":"E:\\GitRepositories\\_Doublo\\apeswap-vaults\\contracts\\BaseStrategySingle.sol","s":{},"b":{},"f":{},"fnMap":{},"statementMap":{},"branchMap":{}},"contracts\\factories\\StrategKoalaFarmFactory.sol":{"l":{"32":3,"33":3,"34":3,"35":3,"36":3,"56":0,"81":0,"92":0,"94":0,"96":0,"114":0,"115":0,"116":0,"117":0,"118":0},"path":"E:\\GitRepositories\\_Doublo\\apeswap-vaults\\contracts\\factories\\StrategKoalaFarmFactory.sol","s":{"1":3,"2":3,"3":3,"4":3,"5":3,"6":0,"7":0,"8":0,"9":0,"10":0,"11":0,"12":0,"13":0,"14":0,"15":0},"b":{},"f":{"1":3,"2":0,"3":0,"4":0},"fnMap":{"1":{"name":"constructor","line":31,"loc":{"start":{"line":31,"column":2},"end":{"line":37,"column":2}}},"2":{"name":"deployDefaultMasterChefStrategy","line":45,"loc":{"start":{"line":45,"column":2},"end":{"line":57,"column":2}}},"3":{"name":"deployMasterChefStrategy","line":70,"loc":{"start":{"line":70,"column":2},"end":{"line":111,"column":4}}},"4":{"name":"updateDefaults","line":113,"loc":{"start":{"line":113,"column":4},"end":{"line":119,"column":4}}}},"statementMap":{"1":{"start":{"line":32,"column":4},"end":{"line":32,"column":27}},"2":{"start":{"line":33,"column":4},"end":{"line":33,"column":35}},"3":{"start":{"line":34,"column":4},"end":{"line":34,"column":33}},"4":{"start":{"line":35,"column":4},"end":{"line":35,"column":47}},"5":{"start":{"line":36,"column":4},"end":{"line":36,"column":41}},"6":{"start":{"line":56,"column":4},"end":{"line":56,"column":329}},"7":{"start":{"line":81,"column":6},"end":{"line":81,"column":58}},"8":{"start":{"line":92,"column":6},"end":{"line":92,"column":324}},"9":{"start":{"line":94,"column":6},"end":{"line":94,"column":41}},"10":{"start":{"line":96,"column":6},"end":{"line":96,"column":3702}},"11":{"start":{"line":114,"column":6},"end":{"line":114,"column":29}},"12":{"start":{"line":115,"column":6},"end":{"line":115,"column":37}},"13":{"start":{"line":116,"column":6},"end":{"line":116,"column":35}},"14":{"start":{"line":117,"column":6},"end":{"line":117,"column":49}},"15":{"start":{"line":118,"column":6},"end":{"line":118,"column":43}}},"branchMap":{}},"contracts\\factories\\StrategyAuto4BeltFactory.sol":{"l":{"26":3,"27":3,"28":3,"29":3,"30":3,"31":3,"47":0,"69":0,"82":0,"84":0,"86":0,"98":0,"99":0,"100":0,"101":0,"102":0,"103":0},"path":"E:\\GitRepositories\\_Doublo\\apeswap-vaults\\contracts\\factories\\StrategyAuto4BeltFactory.sol","s":{"1":3,"2":3,"3":3,"4":3,"5":3,"6":3,"7":0,"8":0,"9":0,"10":0,"11":0,"12":0,"13":0,"14":0,"15":0,"16":0,"17":0},"b":{},"f":{"1":3,"2":0,"3":0,"4":0},"fnMap":{"1":{"name":"constructor","line":25,"loc":{"start":{"line":25,"column":2},"end":{"line":32,"column":2}}},"2":{"name":"deployDefaultAuto4BeltStrategy","line":40,"loc":{"start":{"line":40,"column":2},"end":{"line":48,"column":2}}},"3":{"name":"deployAuto4BeltStrategy","line":62,"loc":{"start":{"line":62,"column":2},"end":{"line":95,"column":4}}},"4":{"name":"updateDefaults","line":97,"loc":{"start":{"line":97,"column":4},"end":{"line":104,"column":4}}}},"statementMap":{"1":{"start":{"line":26,"column":4},"end":{"line":26,"column":27}},"2":{"start":{"line":27,"column":4},"end":{"line":27,"column":35}},"3":{"start":{"line":28,"column":4},"end":{"line":28,"column":33}},"4":{"start":{"line":29,"column":4},"end":{"line":29,"column":47}},"5":{"start":{"line":30,"column":4},"end":{"line":30,"column":41}},"6":{"start":{"line":31,"column":4},"end":{"line":31,"column":37}},"7":{"start":{"line":47,"column":4},"end":{"line":47,"column":261}},"8":{"start":{"line":69,"column":6},"end":{"line":69,"column":58}},"9":{"start":{"line":82,"column":6},"end":{"line":82,"column":261}},"10":{"start":{"line":84,"column":6},"end":{"line":84,"column":41}},"11":{"start":{"line":86,"column":6},"end":{"line":86,"column":3229}},"12":{"start":{"line":98,"column":6},"end":{"line":98,"column":29}},"13":{"start":{"line":99,"column":6},"end":{"line":99,"column":37}},"14":{"start":{"line":100,"column":6},"end":{"line":100,"column":35}},"15":{"start":{"line":101,"column":6},"end":{"line":101,"column":49}},"16":{"start":{"line":102,"column":6},"end":{"line":102,"column":43}},"17":{"start":{"line":103,"column":6},"end":{"line":103,"column":39}}},"branchMap":{}},"contracts\\factories\\StrategyAutoBeltTokenFactory.sol":{"l":{"26":3,"27":3,"28":3,"29":3,"30":3,"31":3,"48":0,"71":0,"84":0,"86":0,"88":0,"100":0,"101":0,"102":0,"103":0,"104":0,"105":0},"path":"E:\\GitRepositories\\_Doublo\\apeswap-vaults\\contracts\\factories\\StrategyAutoBeltTokenFactory.sol","s":{"1":3,"2":3,"3":3,"4":3,"5":3,"6":3,"7":0,"8":0,"9":0,"10":0,"11":0,"12":0,"13":0,"14":0,"15":0,"16":0,"17":0},"b":{},"f":{"1":3,"2":0,"3":0,"4":0},"fnMap":{"1":{"name":"constructor","line":25,"loc":{"start":{"line":25,"column":2},"end":{"line":32,"column":2}}},"2":{"name":"deployDefaultAutoBeltTokenStrategy","line":40,"loc":{"start":{"line":40,"column":2},"end":{"line":49,"column":2}}},"3":{"name":"deployAutoBeltTokenStrategy","line":63,"loc":{"start":{"line":63,"column":2},"end":{"line":97,"column":4}}},"4":{"name":"updateDefaults","line":99,"loc":{"start":{"line":99,"column":4},"end":{"line":106,"column":4}}}},"statementMap":{"1":{"start":{"line":26,"column":4},"end":{"line":26,"column":27}},"2":{"start":{"line":27,"column":4},"end":{"line":27,"column":35}},"3":{"start":{"line":28,"column":4},"end":{"line":28,"column":33}},"4":{"start":{"line":29,"column":4},"end":{"line":29,"column":47}},"5":{"start":{"line":30,"column":4},"end":{"line":30,"column":41}},"6":{"start":{"line":31,"column":4},"end":{"line":31,"column":37}},"7":{"start":{"line":48,"column":4},"end":{"line":48,"column":284}},"8":{"start":{"line":71,"column":6},"end":{"line":71,"column":66}},"9":{"start":{"line":84,"column":6},"end":{"line":84,"column":280}},"10":{"start":{"line":86,"column":6},"end":{"line":86,"column":41}},"11":{"start":{"line":88,"column":6},"end":{"line":88,"column":3389}},"12":{"start":{"line":100,"column":6},"end":{"line":100,"column":29}},"13":{"start":{"line":101,"column":6},"end":{"line":101,"column":37}},"14":{"start":{"line":102,"column":6},"end":{"line":102,"column":35}},"15":{"start":{"line":103,"column":6},"end":{"line":103,"column":49}},"16":{"start":{"line":104,"column":6},"end":{"line":104,"column":43}},"17":{"start":{"line":105,"column":6},"end":{"line":105,"column":39}}},"branchMap":{}},"contracts\\factories\\StrategyBeltTokenFactory.sol":{"l":{"26":3,"27":3,"28":3,"29":3,"30":3,"31":3,"48":0,"71":0,"83":0,"85":0,"87":0,"99":0,"100":0,"101":0,"102":0,"103":0,"104":0},"path":"E:\\GitRepositories\\_Doublo\\apeswap-vaults\\contracts\\factories\\StrategyBeltTokenFactory.sol","s":{"1":3,"2":3,"3":3,"4":3,"5":3,"6":3,"7":0,"8":0,"9":0,"10":0,"11":0,"12":0,"13":0,"14":0,"15":0,"16":0,"17":0},"b":{},"f":{"1":3,"2":0,"3":0,"4":0},"fnMap":{"1":{"name":"constructor","line":25,"loc":{"start":{"line":25,"column":2},"end":{"line":32,"column":2}}},"2":{"name":"deployDefaultBeltTokenStrategy","line":40,"loc":{"start":{"line":40,"column":2},"end":{"line":49,"column":2}}},"3":{"name":"deployBeltTokenStrategy","line":63,"loc":{"start":{"line":63,"column":2},"end":{"line":96,"column":4}}},"4":{"name":"updateDefaults","line":98,"loc":{"start":{"line":98,"column":4},"end":{"line":105,"column":4}}}},"statementMap":{"1":{"start":{"line":26,"column":4},"end":{"line":26,"column":27}},"2":{"start":{"line":27,"column":4},"end":{"line":27,"column":35}},"3":{"start":{"line":28,"column":4},"end":{"line":28,"column":33}},"4":{"start":{"line":29,"column":4},"end":{"line":29,"column":47}},"5":{"start":{"line":30,"column":4},"end":{"line":30,"column":41}},"6":{"start":{"line":31,"column":4},"end":{"line":31,"column":41}},"7":{"start":{"line":48,"column":4},"end":{"line":48,"column":282}},"8":{"start":{"line":71,"column":6},"end":{"line":71,"column":58}},"9":{"start":{"line":83,"column":6},"end":{"line":83,"column":280}},"10":{"start":{"line":85,"column":6},"end":{"line":85,"column":41}},"11":{"start":{"line":87,"column":6},"end":{"line":87,"column":3335}},"12":{"start":{"line":99,"column":6},"end":{"line":99,"column":29}},"13":{"start":{"line":100,"column":6},"end":{"line":100,"column":37}},"14":{"start":{"line":101,"column":6},"end":{"line":101,"column":35}},"15":{"start":{"line":102,"column":6},"end":{"line":102,"column":49}},"16":{"start":{"line":103,"column":6},"end":{"line":103,"column":43}},"17":{"start":{"line":104,"column":6},"end":{"line":104,"column":43}}},"branchMap":{}},"contracts\\factories\\StrategyKoalaChefSingleFactory.sol":{"l":{"28":3,"29":3,"30":3,"31":3,"32":3,"49":0,"71":0,"80":0,"82":0,"84":0,"99":0,"100":0,"101":0,"102":0,"103":0},"path":"E:\\GitRepositories\\_Doublo\\apeswap-vaults\\contracts\\factories\\StrategyKoalaChefSingleFactory.sol","s":{"1":3,"2":3,"3":3,"4":3,"5":3,"6":0,"7":0,"8":0,"9":0,"10":0,"11":0,"12":0,"13":0,"14":0,"15":0},"b":{},"f":{"1":3,"2":0,"3":0,"4":0},"fnMap":{"1":{"name":"constructor","line":27,"loc":{"start":{"line":27,"column":2},"end":{"line":33,"column":2}}},"2":{"name":"deployDefaultKoalaChefSingleStrategy","line":41,"loc":{"start":{"line":41,"column":2},"end":{"line":50,"column":2}}},"3":{"name":"deployKoalaChefSingleStrategy","line":63,"loc":{"start":{"line":63,"column":2},"end":{"line":96,"column":4}}},"4":{"name":"updateDefaults","line":98,"loc":{"start":{"line":98,"column":4},"end":{"line":104,"column":4}}}},"statementMap":{"1":{"start":{"line":28,"column":4},"end":{"line":28,"column":27}},"2":{"start":{"line":29,"column":4},"end":{"line":29,"column":35}},"3":{"start":{"line":30,"column":4},"end":{"line":30,"column":33}},"4":{"start":{"line":31,"column":4},"end":{"line":31,"column":47}},"5":{"start":{"line":32,"column":4},"end":{"line":32,"column":41}},"6":{"start":{"line":49,"column":4},"end":{"line":49,"column":269}},"7":{"start":{"line":71,"column":6},"end":{"line":71,"column":70}},"8":{"start":{"line":80,"column":6},"end":{"line":80,"column":259}},"9":{"start":{"line":82,"column":6},"end":{"line":82,"column":41}},"10":{"start":{"line":84,"column":6},"end":{"line":84,"column":3151}},"11":{"start":{"line":99,"column":6},"end":{"line":99,"column":29}},"12":{"start":{"line":100,"column":6},"end":{"line":100,"column":37}},"13":{"start":{"line":101,"column":6},"end":{"line":101,"column":35}},"14":{"start":{"line":102,"column":6},"end":{"line":102,"column":49}},"15":{"start":{"line":103,"column":6},"end":{"line":103,"column":43}}},"branchMap":{}},"contracts\\factories\\StrategyMasterApeSingleFactory.sol":{"l":{"27":3,"28":3,"29":3,"30":3,"31":3,"47":0,"68":0,"77":0,"79":0,"81":0,"95":0,"96":0,"97":0,"98":0,"99":0},"path":"E:\\GitRepositories\\_Doublo\\apeswap-vaults\\contracts\\factories\\StrategyMasterApeSingleFactory.sol","s":{"1":3,"2":3,"3":3,"4":3,"5":3,"6":0,"7":0,"8":0,"9":0,"10":0,"11":0,"12":0,"13":0,"14":0,"15":0},"b":{},"f":{"1":3,"2":0,"3":0,"4":0},"fnMap":{"1":{"name":"constructor","line":26,"loc":{"start":{"line":26,"column":2},"end":{"line":32,"column":2}}},"2":{"name":"deployDefaultMasterApeSingleStrategy","line":40,"loc":{"start":{"line":40,"column":2},"end":{"line":48,"column":2}}},"3":{"name":"deployMasterApeSingleStrategy","line":61,"loc":{"start":{"line":61,"column":2},"end":{"line":92,"column":4}}},"4":{"name":"updateDefaults","line":94,"loc":{"start":{"line":94,"column":4},"end":{"line":100,"column":4}}}},"statementMap":{"1":{"start":{"line":27,"column":4},"end":{"line":27,"column":27}},"2":{"start":{"line":28,"column":4},"end":{"line":28,"column":35}},"3":{"start":{"line":29,"column":4},"end":{"line":29,"column":33}},"4":{"start":{"line":30,"column":4},"end":{"line":30,"column":47}},"5":{"start":{"line":31,"column":4},"end":{"line":31,"column":41}},"6":{"start":{"line":47,"column":4},"end":{"line":47,"column":250}},"7":{"start":{"line":68,"column":6},"end":{"line":68,"column":70}},"8":{"start":{"line":77,"column":6},"end":{"line":77,"column":240}},"9":{"start":{"line":79,"column":6},"end":{"line":79,"column":41}},"10":{"start":{"line":81,"column":6},"end":{"line":81,"column":2989}},"11":{"start":{"line":95,"column":6},"end":{"line":95,"column":29}},"12":{"start":{"line":96,"column":6},"end":{"line":96,"column":37}},"13":{"start":{"line":97,"column":6},"end":{"line":97,"column":35}},"14":{"start":{"line":98,"column":6},"end":{"line":98,"column":49}},"15":{"start":{"line":99,"column":6},"end":{"line":99,"column":43}}},"branchMap":{}},"contracts\\factories\\StrategyMasterChefFactory.sol":{"l":{"31":3,"32":3,"33":3,"34":3,"35":3,"55":0,"80":0,"91":0,"93":0,"95":0,"113":0,"114":0,"115":0,"116":0,"117":0},"path":"E:\\GitRepositories\\_Doublo\\apeswap-vaults\\contracts\\factories\\StrategyMasterChefFactory.sol","s":{"1":3,"2":3,"3":3,"4":3,"5":3,"6":0,"7":0,"8":0,"9":0,"10":0,"11":0,"12":0,"13":0,"14":0,"15":0},"b":{},"f":{"1":3,"2":0,"3":0,"4":0},"fnMap":{"1":{"name":"constructor","line":30,"loc":{"start":{"line":30,"column":2},"end":{"line":36,"column":2}}},"2":{"name":"deployDefaultMasterChefStrategy","line":44,"loc":{"start":{"line":44,"column":2},"end":{"line":56,"column":2}}},"3":{"name":"deployMasterChefStrategy","line":69,"loc":{"start":{"line":69,"column":2},"end":{"line":110,"column":4}}},"4":{"name":"updateDefaults","line":112,"loc":{"start":{"line":112,"column":4},"end":{"line":118,"column":4}}}},"statementMap":{"1":{"start":{"line":31,"column":4},"end":{"line":31,"column":27}},"2":{"start":{"line":32,"column":4},"end":{"line":32,"column":35}},"3":{"start":{"line":33,"column":4},"end":{"line":33,"column":33}},"4":{"start":{"line":34,"column":4},"end":{"line":34,"column":47}},"5":{"start":{"line":35,"column":4},"end":{"line":35,"column":41}},"6":{"start":{"line":55,"column":4},"end":{"line":55,"column":329}},"7":{"start":{"line":80,"column":6},"end":{"line":80,"column":60}},"8":{"start":{"line":91,"column":6},"end":{"line":91,"column":324}},"9":{"start":{"line":93,"column":6},"end":{"line":93,"column":41}},"10":{"start":{"line":95,"column":6},"end":{"line":95,"column":3709}},"11":{"start":{"line":113,"column":6},"end":{"line":113,"column":29}},"12":{"start":{"line":114,"column":6},"end":{"line":114,"column":37}},"13":{"start":{"line":115,"column":6},"end":{"line":115,"column":35}},"14":{"start":{"line":116,"column":6},"end":{"line":116,"column":49}},"15":{"start":{"line":117,"column":6},"end":{"line":117,"column":43}}},"branchMap":{}},"contracts\\factories\\StrategyMasterChefReflectFactory.sol":{"l":{"31":3,"32":3,"33":3,"34":3,"35":3,"55":0,"80":0,"91":0,"93":0,"95":0,"113":0,"114":0,"115":0,"116":0,"117":0},"path":"E:\\GitRepositories\\_Doublo\\apeswap-vaults\\contracts\\factories\\StrategyMasterChefReflectFactory.sol","s":{"1":3,"2":3,"3":3,"4":3,"5":3,"6":0,"7":0,"8":0,"9":0,"10":0,"11":0,"12":0,"13":0,"14":0,"15":0},"b":{},"f":{"1":3,"2":0,"3":0,"4":0},"fnMap":{"1":{"name":"constructor","line":30,"loc":{"start":{"line":30,"column":2},"end":{"line":36,"column":2}}},"2":{"name":"deployDefaultMasterChefStrategy","line":44,"loc":{"start":{"line":44,"column":2},"end":{"line":56,"column":2}}},"3":{"name":"deployMasterChefStrategy","line":69,"loc":{"start":{"line":69,"column":2},"end":{"line":110,"column":4}}},"4":{"name":"updateDefaults","line":112,"loc":{"start":{"line":112,"column":4},"end":{"line":118,"column":4}}}},"statementMap":{"1":{"start":{"line":31,"column":4},"end":{"line":31,"column":27}},"2":{"start":{"line":32,"column":4},"end":{"line":32,"column":35}},"3":{"start":{"line":33,"column":4},"end":{"line":33,"column":33}},"4":{"start":{"line":34,"column":4},"end":{"line":34,"column":47}},"5":{"start":{"line":35,"column":4},"end":{"line":35,"column":41}},"6":{"start":{"line":55,"column":4},"end":{"line":55,"column":329}},"7":{"start":{"line":80,"column":6},"end":{"line":80,"column":74}},"8":{"start":{"line":91,"column":6},"end":{"line":91,"column":324}},"9":{"start":{"line":93,"column":6},"end":{"line":93,"column":41}},"10":{"start":{"line":95,"column":6},"end":{"line":95,"column":3737}},"11":{"start":{"line":113,"column":6},"end":{"line":113,"column":29}},"12":{"start":{"line":114,"column":6},"end":{"line":114,"column":37}},"13":{"start":{"line":115,"column":6},"end":{"line":115,"column":35}},"14":{"start":{"line":116,"column":6},"end":{"line":116,"column":49}},"15":{"start":{"line":117,"column":6},"end":{"line":117,"column":43}}},"branchMap":{}},"contracts\\factories\\StrategyMasterChefSingleFactory.sol":{"l":{"27":3,"28":3,"29":3,"30":3,"31":3,"48":0,"70":0,"81":0,"83":0,"85":0,"99":0,"100":0,"101":0,"102":0,"103":0},"path":"E:\\GitRepositories\\_Doublo\\apeswap-vaults\\contracts\\factories\\StrategyMasterChefSingleFactory.sol","s":{"1":3,"2":3,"3":3,"4":3,"5":3,"6":0,"7":0,"8":0,"9":0,"10":0,"11":0,"12":0,"13":0,"14":0,"15":0},"b":{},"f":{"1":3,"2":0,"3":0,"4":0},"fnMap":{"1":{"name":"constructor","line":26,"loc":{"start":{"line":26,"column":2},"end":{"line":32,"column":2}}},"2":{"name":"deployDefaultMasterChefStrategy","line":40,"loc":{"start":{"line":40,"column":2},"end":{"line":49,"column":2}}},"3":{"name":"deployMasterChefSingleStrategy","line":62,"loc":{"start":{"line":62,"column":2},"end":{"line":96,"column":4}}},"4":{"name":"updateDefaults","line":98,"loc":{"start":{"line":98,"column":4},"end":{"line":104,"column":4}}}},"statementMap":{"1":{"start":{"line":27,"column":4},"end":{"line":27,"column":27}},"2":{"start":{"line":28,"column":4},"end":{"line":28,"column":35}},"3":{"start":{"line":29,"column":4},"end":{"line":29,"column":33}},"4":{"start":{"line":30,"column":4},"end":{"line":30,"column":47}},"5":{"start":{"line":31,"column":4},"end":{"line":31,"column":41}},"6":{"start":{"line":48,"column":4},"end":{"line":48,"column":270}},"7":{"start":{"line":70,"column":6},"end":{"line":70,"column":72}},"8":{"start":{"line":81,"column":6},"end":{"line":81,"column":259}},"9":{"start":{"line":83,"column":6},"end":{"line":83,"column":41}},"10":{"start":{"line":85,"column":6},"end":{"line":85,"column":3188}},"11":{"start":{"line":99,"column":6},"end":{"line":99,"column":29}},"12":{"start":{"line":100,"column":6},"end":{"line":100,"column":37}},"13":{"start":{"line":101,"column":6},"end":{"line":101,"column":35}},"14":{"start":{"line":102,"column":6},"end":{"line":102,"column":49}},"15":{"start":{"line":103,"column":6},"end":{"line":103,"column":43}}},"branchMap":{}},"contracts\\factories\\StrategyMasterChefSingleReflectFactory.sol":{"l":{"27":3,"28":3,"29":3,"30":3,"31":3,"48":0,"70":0,"81":0,"83":0,"85":0,"99":0,"100":0,"101":0,"102":0,"103":0},"path":"E:\\GitRepositories\\_Doublo\\apeswap-vaults\\contracts\\factories\\StrategyMasterChefSingleReflectFactory.sol","s":{"1":3,"2":3,"3":3,"4":3,"5":3,"6":0,"7":0,"8":0,"9":0,"10":0,"11":0,"12":0,"13":0,"14":0,"15":0},"b":{},"f":{"1":3,"2":0,"3":0,"4":0},"fnMap":{"1":{"name":"constructor","line":26,"loc":{"start":{"line":26,"column":2},"end":{"line":32,"column":2}}},"2":{"name":"deployDefaultMasterChefStrategy","line":40,"loc":{"start":{"line":40,"column":2},"end":{"line":49,"column":2}}},"3":{"name":"deployMasterChefSingleStrategy","line":62,"loc":{"start":{"line":62,"column":2},"end":{"line":96,"column":4}}},"4":{"name":"updateDefaults","line":98,"loc":{"start":{"line":98,"column":4},"end":{"line":104,"column":4}}}},"statementMap":{"1":{"start":{"line":27,"column":4},"end":{"line":27,"column":27}},"2":{"start":{"line":28,"column":4},"end":{"line":28,"column":35}},"3":{"start":{"line":29,"column":4},"end":{"line":29,"column":33}},"4":{"start":{"line":30,"column":4},"end":{"line":30,"column":47}},"5":{"start":{"line":31,"column":4},"end":{"line":31,"column":41}},"6":{"start":{"line":48,"column":4},"end":{"line":48,"column":270}},"7":{"start":{"line":70,"column":6},"end":{"line":70,"column":86}},"8":{"start":{"line":81,"column":6},"end":{"line":81,"column":259}},"9":{"start":{"line":83,"column":6},"end":{"line":83,"column":41}},"10":{"start":{"line":85,"column":6},"end":{"line":85,"column":3216}},"11":{"start":{"line":99,"column":6},"end":{"line":99,"column":29}},"12":{"start":{"line":100,"column":6},"end":{"line":100,"column":37}},"13":{"start":{"line":101,"column":6},"end":{"line":101,"column":35}},"14":{"start":{"line":102,"column":6},"end":{"line":102,"column":49}},"15":{"start":{"line":103,"column":6},"end":{"line":103,"column":43}}},"branchMap":{}},"contracts\\factories\\StrategyStakingPoolLPFactory.sol":{"l":{"31":3,"32":3,"33":3,"34":3,"35":3,"55":0,"80":0,"91":0,"93":0,"95":0,"113":0,"114":0,"115":0,"116":0,"117":0},"path":"E:\\GitRepositories\\_Doublo\\apeswap-vaults\\contracts\\factories\\StrategyStakingPoolLPFactory.sol","s":{"1":3,"2":3,"3":3,"4":3,"5":3,"6":0,"7":0,"8":0,"9":0,"10":0,"11":0,"12":0,"13":0,"14":0,"15":0},"b":{},"f":{"1":3,"2":0,"3":0,"4":0},"fnMap":{"1":{"name":"constructor","line":30,"loc":{"start":{"line":30,"column":2},"end":{"line":36,"column":2}}},"2":{"name":"deployDefaultStakingPoolLP","line":44,"loc":{"start":{"line":44,"column":2},"end":{"line":56,"column":2}}},"3":{"name":"deployStakingPoolLP","line":69,"loc":{"start":{"line":69,"column":2},"end":{"line":110,"column":4}}},"4":{"name":"updateDefaults","line":112,"loc":{"start":{"line":112,"column":4},"end":{"line":118,"column":4}}}},"statementMap":{"1":{"start":{"line":31,"column":4},"end":{"line":31,"column":27}},"2":{"start":{"line":32,"column":4},"end":{"line":32,"column":35}},"3":{"start":{"line":33,"column":4},"end":{"line":33,"column":33}},"4":{"start":{"line":34,"column":4},"end":{"line":34,"column":47}},"5":{"start":{"line":35,"column":4},"end":{"line":35,"column":41}},"6":{"start":{"line":55,"column":4},"end":{"line":55,"column":324}},"7":{"start":{"line":80,"column":6},"end":{"line":80,"column":66}},"8":{"start":{"line":91,"column":6},"end":{"line":91,"column":324}},"9":{"start":{"line":93,"column":6},"end":{"line":93,"column":41}},"10":{"start":{"line":95,"column":6},"end":{"line":95,"column":3701}},"11":{"start":{"line":113,"column":6},"end":{"line":113,"column":29}},"12":{"start":{"line":114,"column":6},"end":{"line":114,"column":37}},"13":{"start":{"line":115,"column":6},"end":{"line":115,"column":35}},"14":{"start":{"line":116,"column":6},"end":{"line":116,"column":49}},"15":{"start":{"line":117,"column":6},"end":{"line":117,"column":43}}},"branchMap":{}},"contracts\\factories\\StrategyVenusBNBFactory.sol":{"l":{"25":3,"26":3,"27":3,"28":3,"29":3,"44":0,"64":0,"74":0,"76":0,"78":0,"90":0,"91":0,"92":0,"93":0,"94":0},"path":"E:\\GitRepositories\\_Doublo\\apeswap-vaults\\contracts\\factories\\StrategyVenusBNBFactory.sol","s":{"1":3,"2":3,"3":3,"4":3,"5":3,"6":0,"7":0,"8":0,"9":0,"10":0,"11":0,"12":0,"13":0,"14":0,"15":0},"b":{},"f":{"1":3,"2":0,"3":0,"4":0},"fnMap":{"1":{"name":"constructor","line":24,"loc":{"start":{"line":24,"column":2},"end":{"line":30,"column":2}}},"2":{"name":"deployDefaultVenusBNBStrategy","line":37,"loc":{"start":{"line":37,"column":2},"end":{"line":45,"column":2}}},"3":{"name":"deployVenusBNBStrategy","line":57,"loc":{"start":{"line":57,"column":2},"end":{"line":87,"column":4}}},"4":{"name":"updateDefaults","line":89,"loc":{"start":{"line":89,"column":4},"end":{"line":95,"column":4}}}},"statementMap":{"1":{"start":{"line":25,"column":4},"end":{"line":25,"column":27}},"2":{"start":{"line":26,"column":4},"end":{"line":26,"column":35}},"3":{"start":{"line":27,"column":4},"end":{"line":27,"column":33}},"4":{"start":{"line":28,"column":4},"end":{"line":28,"column":47}},"5":{"start":{"line":29,"column":4},"end":{"line":29,"column":41}},"6":{"start":{"line":44,"column":4},"end":{"line":44,"column":226}},"7":{"start":{"line":64,"column":6},"end":{"line":64,"column":56}},"8":{"start":{"line":74,"column":6},"end":{"line":74,"column":223}},"9":{"start":{"line":76,"column":6},"end":{"line":76,"column":41}},"10":{"start":{"line":78,"column":6},"end":{"line":78,"column":2893}},"11":{"start":{"line":90,"column":6},"end":{"line":90,"column":29}},"12":{"start":{"line":91,"column":6},"end":{"line":91,"column":37}},"13":{"start":{"line":92,"column":6},"end":{"line":92,"column":35}},"14":{"start":{"line":93,"column":6},"end":{"line":93,"column":49}},"15":{"start":{"line":94,"column":6},"end":{"line":94,"column":43}}},"branchMap":{}},"contracts\\libs\\IAutoFarmV2.sol":{"l":{},"path":"E:\\GitRepositories\\_Doublo\\apeswap-vaults\\contracts\\libs\\IAutoFarmV2.sol","s":{},"b":{},"f":{},"fnMap":{},"statementMap":{},"branchMap":{}},"contracts\\libs\\IBananaVault.sol":{"l":{},"path":"E:\\GitRepositories\\_Doublo\\apeswap-vaults\\contracts\\libs\\IBananaVault.sol","s":{},"b":{},"f":{},"fnMap":{},"statementMap":{},"branchMap":{}},"contracts\\libs\\IBeltLP.sol":{"l":{},"path":"E:\\GitRepositories\\_Doublo\\apeswap-vaults\\contracts\\libs\\IBeltLP.sol","s":{},"b":{},"f":{},"fnMap":{},"statementMap":{},"branchMap":{}},"contracts\\libs\\IBeltMultiStrategyToken.sol":{"l":{},"path":"E:\\GitRepositories\\_Doublo\\apeswap-vaults\\contracts\\libs\\IBeltMultiStrategyToken.sol","s":{},"b":{},"f":{},"fnMap":{},"statementMap":{},"branchMap":{}},"contracts\\libs\\IKoalaFarm.sol":{"l":{},"path":"E:\\GitRepositories\\_Doublo\\apeswap-vaults\\contracts\\libs\\IKoalaFarm.sol","s":{},"b":{},"f":{},"fnMap":{},"statementMap":{},"branchMap":{}},"contracts\\libs\\IMasterApe.sol":{"l":{},"path":"E:\\GitRepositories\\_Doublo\\apeswap-vaults\\contracts\\libs\\IMasterApe.sol","s":{},"b":{},"f":{},"fnMap":{},"statementMap":{},"branchMap":{}},"contracts\\libs\\IMasterBelt.sol":{"l":{},"path":"E:\\GitRepositories\\_Doublo\\apeswap-vaults\\contracts\\libs\\IMasterBelt.sol","s":{},"b":{},"f":{},"fnMap":{},"statementMap":{},"branchMap":{}},"contracts\\libs\\IMasterchef.sol":{"l":{},"path":"E:\\GitRepositories\\_Doublo\\apeswap-vaults\\contracts\\libs\\IMasterchef.sol","s":{},"b":{},"f":{},"fnMap":{},"statementMap":{},"branchMap":{}},"contracts\\libs\\IMaximizerVaultApe.sol":{"l":{},"path":"E:\\GitRepositories\\_Doublo\\apeswap-vaults\\contracts\\libs\\IMaximizerVaultApe.sol","s":{},"b":{},"f":{},"fnMap":{},"statementMap":{},"branchMap":{}},"contracts\\libs\\IMiniChefStake.sol":{"l":{},"path":"E:\\GitRepositories\\_Doublo\\apeswap-vaults\\contracts\\libs\\IMiniChefStake.sol","s":{},"b":{},"f":{},"fnMap":{},"statementMap":{},"branchMap":{}},"contracts\\libs\\IStaking.sol":{"l":{},"path":"E:\\GitRepositories\\_Doublo\\apeswap-vaults\\contracts\\libs\\IStaking.sol","s":{},"b":{},"f":{},"fnMap":{},"statementMap":{},"branchMap":{}},"contracts\\libs\\IStrategy.sol":{"l":{},"path":"E:\\GitRepositories\\_Doublo\\apeswap-vaults\\contracts\\libs\\IStrategy.sol","s":{},"b":{},"f":{},"fnMap":{},"statementMap":{},"branchMap":{}},"contracts\\libs\\IStrategyBanana.sol":{"l":{},"path":"E:\\GitRepositories\\_Doublo\\apeswap-vaults\\contracts\\libs\\IStrategyBanana.sol","s":{},"b":{},"f":{},"fnMap":{},"statementMap":{},"branchMap":{}},"contracts\\libs\\IStrategyMaximizerMasterApe.sol":{"l":{},"path":"E:\\GitRepositories\\_Doublo\\apeswap-vaults\\contracts\\libs\\IStrategyMaximizerMasterApe.sol","s":{},"b":{},"f":{},"fnMap":{},"statementMap":{},"branchMap":{}},"contracts\\libs\\IUniPair.sol":{"l":{},"path":"E:\\GitRepositories\\_Doublo\\apeswap-vaults\\contracts\\libs\\IUniPair.sol","s":{},"b":{},"f":{},"fnMap":{},"statementMap":{},"branchMap":{}},"contracts\\libs\\IUniRouter01.sol":{"l":{},"path":"E:\\GitRepositories\\_Doublo\\apeswap-vaults\\contracts\\libs\\IUniRouter01.sol","s":{},"b":{},"f":{},"fnMap":{},"statementMap":{},"branchMap":{}},"contracts\\libs\\IUniRouter02.sol":{"l":{},"path":"E:\\GitRepositories\\_Doublo\\apeswap-vaults\\contracts\\libs\\IUniRouter02.sol","s":{},"b":{},"f":{},"fnMap":{},"statementMap":{},"branchMap":{}},"contracts\\libs\\IVaultApe.sol":{"l":{},"path":"E:\\GitRepositories\\_Doublo\\apeswap-vaults\\contracts\\libs\\IVaultApe.sol","s":{},"b":{},"f":{},"fnMap":{},"statementMap":{},"branchMap":{}},"contracts\\libs\\IWETH.sol":{"l":{},"path":"E:\\GitRepositories\\_Doublo\\apeswap-vaults\\contracts\\libs\\IWETH.sol","s":{},"b":{},"f":{},"fnMap":{},"statementMap":{},"branchMap":{}},"contracts\\libs\\Venus\\Interfaces.sol":{"l":{},"path":"E:\\GitRepositories\\_Doublo\\apeswap-vaults\\contracts\\libs\\Venus\\Interfaces.sol","s":{},"b":{},"f":{},"fnMap":{},"statementMap":{},"branchMap":{}},"contracts\\maximizer\\BananaVault.sol":{"l":{"78":0,"79":0,"82":0,"83":0,"85":0,"87":0,"99":0,"101":0,"102":0,"103":0,"104":0,"105":0,"107":0,"109":0,"111":0,"112":0,"114":0,"116":0,"120":0,"122":0,"124":0,"131":0,"138":0,"140":0,"142":0,"154":0,"155":0,"157":0,"164":0,"175":0,"177":0,"178":0,"183":0,"185":0,"186":0,"188":0,"189":0,"190":0,"191":0,"193":0,"194":0,"195":0,"199":0,"200":0,"205":0,"208":0,"210":0,"212":0,"220":0,"228":0,"230":0,"237":0,"239":0,"240":0,"244":0,"247":0},"path":"E:\\GitRepositories\\_Doublo\\apeswap-vaults\\contracts\\maximizer\\BananaVault.sol","s":{"1":0,"2":0,"3":0,"4":0,"5":0,"6":0,"7":0,"8":0,"9":0,"10":0,"11":0,"12":0,"13":0,"14":0,"15":0,"16":0,"17":0,"18":0,"19":0,"20":0,"21":0,"22":0,"23":0,"24":0,"25":0,"26":0,"27":0,"28":0,"29":0,"30":0,"31":0,"32":0,"33":0,"34":0,"35":0,"36":0,"37":0,"38":0,"39":0,"40":0,"41":0,"42":0,"43":0,"44":0,"45":0,"46":0,"47":0,"48":0,"49":0,"50":0,"51":0,"52":0,"53":0,"54":0,"55":0,"56":0},"b":{"1":[0,0],"2":[0,0],"3":[0,0],"4":[0,0],"5":[0,0],"6":[0,0],"7":[0,0],"8":[0,0],"9":[0,0]},"f":{"1":0,"2":0,"3":0,"4":0,"5":0,"6":0,"7":0,"8":0,"9":0,"10":0},"fnMap":{"1":{"name":"constructor","line":73,"loc":{"start":{"line":73,"column":4},"end":{"line":88,"column":4}}},"2":{"name":"deposit","line":97,"loc":{"start":{"line":94,"column":4},"end":{"line":125,"column":4}}},"3":{"name":"withdrawAll","line":130,"loc":{"start":{"line":130,"column":4},"end":{"line":132,"column":4}}},"4":{"name":"earn","line":137,"loc":{"start":{"line":137,"column":4},"end":{"line":143,"column":4}}},"5":{"name":"calculateTotalPendingBananaRewards","line":149,"loc":{"start":{"line":149,"column":4},"end":{"line":158,"column":4}}},"6":{"name":"getPricePerFullShare","line":163,"loc":{"start":{"line":163,"column":4},"end":{"line":168,"column":4}}},"7":{"name":"withdraw","line":174,"loc":{"start":{"line":174,"column":4},"end":{"line":213,"column":4}}},"8":{"name":"available","line":219,"loc":{"start":{"line":219,"column":4},"end":{"line":221,"column":4}}},"9":{"name":"underlyingTokenBalance","line":227,"loc":{"start":{"line":227,"column":4},"end":{"line":231,"column":4}}},"10":{"name":"_earn","line":236,"loc":{"start":{"line":236,"column":4},"end":{"line":249,"column":4}}}},"statementMap":{"1":{"start":{"line":78,"column":8},"end":{"line":78,"column":33}},"2":{"start":{"line":79,"column":8},"end":{"line":79,"column":41}},"3":{"start":{"line":82,"column":8},"end":{"line":82,"column":45}},"4":{"start":{"line":83,"column":8},"end":{"line":83,"column":39}},"5":{"start":{"line":85,"column":8},"end":{"line":85,"column":54}},"6":{"start":{"line":87,"column":8},"end":{"line":87,"column":48}},"7":{"start":{"line":99,"column":8},"end":{"line":99,"column":62}},"8":{"start":{"line":101,"column":8},"end":{"line":101,"column":60}},"9":{"start":{"line":102,"column":8},"end":{"line":102,"column":71}},"10":{"start":{"line":103,"column":8},"end":{"line":103,"column":33}},"11":{"start":{"line":104,"column":8},"end":{"line":104,"column":4091}},"12":{"start":{"line":105,"column":12},"end":{"line":105,"column":76}},"13":{"start":{"line":107,"column":12},"end":{"line":107,"column":34}},"14":{"start":{"line":109,"column":8},"end":{"line":109,"column":52}},"15":{"start":{"line":111,"column":8},"end":{"line":111,"column":51}},"16":{"start":{"line":112,"column":8},"end":{"line":112,"column":47}},"17":{"start":{"line":114,"column":8},"end":{"line":114,"column":51}},"18":{"start":{"line":116,"column":8},"end":{"line":116,"column":4513}},"19":{"start":{"line":120,"column":8},"end":{"line":120,"column":48}},"20":{"start":{"line":122,"column":8},"end":{"line":122,"column":14}},"21":{"start":{"line":124,"column":8},"end":{"line":124,"column":73}},"22":{"start":{"line":131,"column":8},"end":{"line":131,"column":44}},"23":{"start":{"line":138,"column":8},"end":{"line":138,"column":32}},"24":{"start":{"line":140,"column":8},"end":{"line":140,"column":14}},"25":{"start":{"line":142,"column":8},"end":{"line":142,"column":29}},"26":{"start":{"line":154,"column":8},"end":{"line":154,"column":64}},"27":{"start":{"line":155,"column":8},"end":{"line":155,"column":39}},"28":{"start":{"line":157,"column":8},"end":{"line":157,"column":21}},"29":{"start":{"line":164,"column":8},"end":{"line":164,"column":5762}},"30":{"start":{"line":175,"column":8},"end":{"line":175,"column":52}},"31":{"start":{"line":177,"column":8},"end":{"line":177,"column":63}},"32":{"start":{"line":178,"column":8},"end":{"line":178,"column":6168}},"33":{"start":{"line":183,"column":8},"end":{"line":183,"column":6318}},"34":{"start":{"line":185,"column":8},"end":{"line":185,"column":45}},"35":{"start":{"line":186,"column":8},"end":{"line":186,"column":45}},"36":{"start":{"line":188,"column":8},"end":{"line":188,"column":33}},"37":{"start":{"line":189,"column":8},"end":{"line":189,"column":6547}},"38":{"start":{"line":190,"column":12},"end":{"line":190,"column":65}},"39":{"start":{"line":191,"column":12},"end":{"line":191,"column":46}},"40":{"start":{"line":193,"column":12},"end":{"line":193,"column":42}},"41":{"start":{"line":194,"column":12},"end":{"line":194,"column":6844}},"42":{"start":{"line":195,"column":16},"end":{"line":195,"column":48}},"43":{"start":{"line":199,"column":8},"end":{"line":199,"column":6970}},"44":{"start":{"line":200,"column":12},"end":{"line":200,"column":7030}},"45":{"start":{"line":205,"column":12},"end":{"line":205,"column":42}},"46":{"start":{"line":208,"column":8},"end":{"line":208,"column":48}},"47":{"start":{"line":210,"column":8},"end":{"line":210,"column":67}},"48":{"start":{"line":212,"column":8},"end":{"line":212,"column":66}},"49":{"start":{"line":220,"column":8},"end":{"line":220,"column":51}},"50":{"start":{"line":228,"column":8},"end":{"line":228,"column":65}},"51":{"start":{"line":230,"column":8},"end":{"line":230,"column":63}},"52":{"start":{"line":237,"column":8},"end":{"line":237,"column":37}},"53":{"start":{"line":239,"column":8},"end":{"line":239,"column":8241}},"54":{"start":{"line":240,"column":12},"end":{"line":240,"column":8277}},"55":{"start":{"line":244,"column":16},"end":{"line":244,"column":77}},"56":{"start":{"line":247,"column":12},"end":{"line":247,"column":42}}},"branchMap":{"1":{"line":99,"type":"if","locations":[{"start":{"line":99,"column":8},"end":{"line":99,"column":8}},{"start":{"line":99,"column":8},"end":{"line":99,"column":8}}]},"2":{"line":104,"type":"if","locations":[{"start":{"line":104,"column":8},"end":{"line":104,"column":8}},{"start":{"line":104,"column":8},"end":{"line":104,"column":8}}]},"3":{"line":177,"type":"if","locations":[{"start":{"line":177,"column":8},"end":{"line":177,"column":8}},{"start":{"line":177,"column":8},"end":{"line":177,"column":8}}]},"4":{"line":178,"type":"if","locations":[{"start":{"line":178,"column":8},"end":{"line":178,"column":8}},{"start":{"line":178,"column":8},"end":{"line":178,"column":8}}]},"5":{"line":189,"type":"if","locations":[{"start":{"line":189,"column":8},"end":{"line":189,"column":8}},{"start":{"line":189,"column":8},"end":{"line":189,"column":8}}]},"6":{"line":194,"type":"if","locations":[{"start":{"line":194,"column":12},"end":{"line":194,"column":12}},{"start":{"line":194,"column":12},"end":{"line":194,"column":12}}]},"7":{"line":199,"type":"if","locations":[{"start":{"line":199,"column":8},"end":{"line":199,"column":8}},{"start":{"line":199,"column":8},"end":{"line":199,"column":8}}]},"8":{"line":239,"type":"if","locations":[{"start":{"line":239,"column":8},"end":{"line":239,"column":8}},{"start":{"line":239,"column":8},"end":{"line":239,"column":8}}]},"9":{"line":240,"type":"if","locations":[{"start":{"line":240,"column":12},"end":{"line":240,"column":12}},{"start":{"line":240,"column":12},"end":{"line":240,"column":12}}]}}},"contracts\\maximizer\\KeeperMaximizerVaultApe.sol":{"l":{"45":0,"49":0,"53":0,"63":0,"65":0,"66":0,"69":0,"79":0,"90":0,"98":0,"108":0,"109":0,"111":0,"112":0,"125":0},"path":"E:\\GitRepositories\\_Doublo\\apeswap-vaults\\contracts\\maximizer\\KeeperMaximizerVaultApe.sol","s":{"1":0,"2":0,"3":0,"4":0,"5":0,"6":0,"7":0,"8":0,"9":0,"10":0,"11":0,"12":0,"13":0,"14":0},"b":{"1":[0,0],"2":[0,0]},"f":{"1":0,"2":0,"3":0,"4":0,"5":0,"6":0},"fnMap":{"1":{"name":"constructor","line":44,"loc":{"start":{"line":39,"column":4},"end":{"line":46,"column":4}}},"2":{"name":"onlyKeeper","line":48,"loc":{"start":{"line":48,"column":4},"end":{"line":54,"column":4}}},"3":{"name":"checkUpkeep","line":57,"loc":{"start":{"line":57,"column":4},"end":{"line":70,"column":4}}},"4":{"name":"performUpkeep","line":77,"loc":{"start":{"line":74,"column":4},"end":{"line":99,"column":4}}},"5":{"name":"_earn","line":101,"loc":{"start":{"line":101,"column":4},"end":{"line":122,"column":4}}},"6":{"name":"setKeeper","line":124,"loc":{"start":{"line":124,"column":4},"end":{"line":126,"column":4}}}},"statementMap":{"1":{"start":{"line":45,"column":8},"end":{"line":45,"column":23}},"2":{"start":{"line":49,"column":8},"end":{"line":49,"column":1888}},"3":{"start":{"line":63,"column":8},"end":{"line":63,"column":57}},"4":{"start":{"line":65,"column":8},"end":{"line":65,"column":2302}},"5":{"start":{"line":66,"column":12},"end":{"line":66,"column":46}},"6":{"start":{"line":69,"column":8},"end":{"line":69,"column":26}},"7":{"start":{"line":79,"column":8},"end":{"line":79,"column":2657}},"8":{"start":{"line":90,"column":8},"end":{"line":90,"column":3043}},"9":{"start":{"line":98,"column":8},"end":{"line":98,"column":26}},"10":{"start":{"line":108,"column":8},"end":{"line":108,"column":43}},"11":{"start":{"line":109,"column":8},"end":{"line":109,"column":39}},"12":{"start":{"line":111,"column":8},"end":{"line":111,"column":3603}},"13":{"start":{"line":112,"column":12},"end":{"line":112,"column":3671}},"14":{"start":{"line":125,"column":8},"end":{"line":125,"column":23}}},"branchMap":{"1":{"line":49,"type":"if","locations":[{"start":{"line":49,"column":8},"end":{"line":49,"column":8}},{"start":{"line":49,"column":8},"end":{"line":49,"column":8}}]},"2":{"line":65,"type":"if","locations":[{"start":{"line":65,"column":8},"end":{"line":65,"column":8}},{"start":{"line":65,"column":8},"end":{"line":65,"column":8}}]}}},"contracts\\maximizer\\MaximizerVaultApe.sol":{"l":{"99":0,"100":0,"102":0,"103":0,"104":0,"105":0,"107":0,"113":0,"114":0,"118":0,"129":0,"130":0,"132":0,"140":0,"141":0,"142":0,"145":0,"146":0,"148":0,"152":0,"155":0,"162":0,"166":0,"167":0,"170":0,"173":0,"176":0,"180":0,"184":0,"185":0,"193":0,"194":0,"195":0,"197":0,"199":0,"201":0,"205":0,"217":0,"222":0,"223":0,"230":0,"231":0,"238":0,"242":0,"243":0,"244":0,"246":0,"249":0,"250":0,"252":0,"254":0,"261":0,"262":0,"263":0,"264":0,"265":0,"267":0,"278":0,"279":0,"283":0,"295":0,"303":0,"305":0,"318":0,"329":0,"341":0,"344":0,"365":0,"368":0,"382":0,"385":0,"386":0,"397":0,"400":0,"412":0,"413":0,"414":0,"416":0,"420":0,"421":0,"422":0,"433":0,"436":0,"442":0,"445":0,"456":0,"459":0,"465":0,"468":0,"477":0,"482":0,"487":0,"489":0,"490":0,"492":0,"494":0,"501":0,"502":0,"510":0,"514":0,"515":0,"516":0,"520":0,"521":0,"522":0,"526":0,"527":0,"531":0,"532":0,"536":0,"537":0,"541":0,"542":0,"546":0,"547":0,"552":0,"553":0,"557":0,"558":0,"562":0,"566":0,"567":0,"571":0,"575":0,"576":0,"580":0,"584":0,"585":0,"589":0,"593":0,"594":0,"601":0,"605":0,"612":0,"616":0,"620":0},"path":"E:\\GitRepositories\\_Doublo\\apeswap-vaults\\contracts\\maximizer\\MaximizerVaultApe.sol","s":{"1":0,"2":0,"3":0,"4":0,"5":0,"6":0,"7":0,"8":0,"9":0,"10":0,"11":0,"12":0,"13":0,"14":0,"15":0,"16":0,"17":0,"18":0,"19":0,"20":0,"21":0,"22":0,"23":0,"24":0,"25":0,"26":0,"27":0,"28":0,"29":0,"30":0,"31":0,"32":0,"33":0,"34":0,"35":0,"36":0,"37":0,"38":0,"39":0,"40":0,"41":0,"42":0,"43":0,"44":0,"45":0,"46":0,"47":0,"48":0,"49":0,"50":0,"51":0,"52":0,"53":0,"54":0,"55":0,"56":0,"57":0,"58":0,"59":0,"60":0,"61":0,"62":0,"63":0,"64":0,"65":0,"66":0,"67":0,"68":0,"69":0,"70":0,"71":0,"72":0,"73":0,"74":0,"75":0,"76":0,"77":0,"78":0,"79":0,"80":0,"81":0,"82":0,"83":0,"84":0,"85":0,"86":0,"87":0,"88":0,"89":0,"90":0,"91":0,"92":0,"93":0,"94":0,"95":0,"96":0,"97":0,"98":0,"99":0,"100":0,"101":0,"102":0,"103":0,"104":0,"105":0,"106":0,"107":0,"108":0,"109":0,"110":0,"111":0,"112":0,"113":0,"114":0,"115":0,"116":0,"117":0,"118":0,"119":0,"120":0,"121":0,"122":0,"123":0,"124":0,"125":0,"126":0,"127":0,"128":0,"129":0,"130":0,"131":0,"132":0,"133":0},"b":{"1":[0,0],"2":[0,0],"3":[0,0],"4":[0,0],"5":[0,0],"6":[0,0],"7":[0,0],"8":[0,0],"9":[0,0],"10":[0,0],"11":[0,0],"12":[0,0],"13":[0,0],"14":[0,0],"15":[0,0],"16":[0,0],"17":[0,0]},"f":{"1":0,"2":0,"3":0,"4":0,"5":0,"6":0,"7":0,"8":0,"9":0,"10":0,"11":0,"12":0,"13":0,"14":0,"15":0,"16":0,"17":0,"18":0,"19":0,"20":0,"21":0,"22":0,"23":0,"24":0,"25":0,"26":0,"27":0,"28":0,"29":0,"30":0,"31":0,"32":0,"33":0,"34":0,"35":0,"36":0,"37":0,"38":0},"fnMap":{"1":{"name":"constructor","line":98,"loc":{"start":{"line":94,"column":4},"end":{"line":108,"column":4}}},"2":{"name":"onlyEOA","line":111,"loc":{"start":{"line":111,"column":4},"end":{"line":115,"column":4}}},"3":{"name":"getSettings","line":117,"loc":{"start":{"line":117,"column":4},"end":{"line":119,"column":4}}},"4":{"name":"checkVaultCompound","line":124,"loc":{"start":{"line":124,"column":4},"end":{"line":218,"column":4}}},"5":{"name":"earnAll","line":221,"loc":{"start":{"line":221,"column":4},"end":{"line":225,"column":4}}},"6":{"name":"earnSome","line":229,"loc":{"start":{"line":229,"column":4},"end":{"line":233,"column":4}}},"7":{"name":"earn","line":237,"loc":{"start":{"line":237,"column":4},"end":{"line":239,"column":4}}},"8":{"name":"_earn","line":241,"loc":{"start":{"line":241,"column":4},"end":{"line":284,"column":4}}},"9":{"name":"_compoundVault","line":286,"loc":{"start":{"line":286,"column":4},"end":{"line":306,"column":4}}},"10":{"name":"_getExpectedOutputs","line":308,"loc":{"start":{"line":308,"column":4},"end":{"line":324,"column":4}}},"11":{"name":"vaultsLength","line":328,"loc":{"start":{"line":328,"column":4},"end":{"line":330,"column":4}}},"12":{"name":"balanceOf","line":332,"loc":{"start":{"line":332,"column":4},"end":{"line":345,"column":4}}},"13":{"name":"userInfo","line":354,"loc":{"start":{"line":354,"column":4},"end":{"line":370,"column":4}}},"14":{"name":"stakedWantTokens","line":376,"loc":{"start":{"line":376,"column":4},"end":{"line":387,"column":4}}},"15":{"name":"accSharesPerStakedToken","line":392,"loc":{"start":{"line":392,"column":4},"end":{"line":401,"column":4}}},"16":{"name":"deposit","line":410,"loc":{"start":{"line":406,"column":4},"end":{"line":423,"column":4}}},"17":{"name":"withdraw","line":431,"loc":{"start":{"line":428,"column":4},"end":{"line":437,"column":4}}},"18":{"name":"withdrawAll","line":441,"loc":{"start":{"line":441,"column":4},"end":{"line":446,"column":4}}},"19":{"name":"harvest","line":454,"loc":{"start":{"line":451,"column":4},"end":{"line":460,"column":4}}},"20":{"name":"harvestAll","line":464,"loc":{"start":{"line":464,"column":4},"end":{"line":469,"column":4}}},"21":{"name":"addVault","line":476,"loc":{"start":{"line":476,"column":4},"end":{"line":495,"column":4}}},"22":{"name":"addVaults","line":500,"loc":{"start":{"line":500,"column":4},"end":{"line":504,"column":4}}},"23":{"name":"inCaseTokensGetStuck","line":508,"loc":{"start":{"line":506,"column":4},"end":{"line":511,"column":4}}},"24":{"name":"enableVault","line":513,"loc":{"start":{"line":513,"column":4},"end":{"line":517,"column":4}}},"25":{"name":"disableVault","line":519,"loc":{"start":{"line":519,"column":4},"end":{"line":523,"column":4}}},"26":{"name":"setModerator","line":525,"loc":{"start":{"line":525,"column":4},"end":{"line":528,"column":4}}},"27":{"name":"setMaxDelay","line":530,"loc":{"start":{"line":530,"column":4},"end":{"line":533,"column":4}}},"28":{"name":"setMinKeeperFee","line":535,"loc":{"start":{"line":535,"column":4},"end":{"line":538,"column":4}}},"29":{"name":"setSlippageFactor","line":540,"loc":{"start":{"line":540,"column":4},"end":{"line":543,"column":4}}},"30":{"name":"setMaxVaults","line":545,"loc":{"start":{"line":545,"column":4},"end":{"line":548,"column":4}}},"31":{"name":"setTreasury","line":551,"loc":{"start":{"line":551,"column":4},"end":{"line":554,"column":4}}},"32":{"name":"setPlatform","line":556,"loc":{"start":{"line":556,"column":4},"end":{"line":559,"column":4}}},"33":{"name":"setKeeperFee","line":561,"loc":{"start":{"line":561,"column":4},"end":{"line":568,"column":4}}},"34":{"name":"setPlatformFee","line":570,"loc":{"start":{"line":570,"column":4},"end":{"line":577,"column":4}}},"35":{"name":"setBuyBackRate","line":579,"loc":{"start":{"line":579,"column":4},"end":{"line":586,"column":4}}},"36":{"name":"setWithdrawFee","line":588,"loc":{"start":{"line":588,"column":4},"end":{"line":595,"column":4}}},"37":{"name":"setWithdrawFeePeriod","line":599,"loc":{"start":{"line":597,"column":4},"end":{"line":606,"column":4}}},"38":{"name":"setWithdrawRewardsFee","line":610,"loc":{"start":{"line":608,"column":4},"end":{"line":621,"column":4}}}},"statementMap":{"1":{"start":{"line":99,"column":8},"end":{"line":99,"column":32}},"2":{"start":{"line":100,"column":8},"end":{"line":100,"column":48}},"3":{"start":{"line":102,"column":8},"end":{"line":102,"column":27}},"4":{"start":{"line":103,"column":8},"end":{"line":103,"column":39}},"5":{"start":{"line":104,"column":8},"end":{"line":104,"column":28}},"6":{"start":{"line":105,"column":8},"end":{"line":105,"column":20}},"7":{"start":{"line":107,"column":8},"end":{"line":107,"column":27}},"8":{"start":{"line":113,"column":8},"end":{"line":113,"column":74}},"9":{"start":{"line":118,"column":8},"end":{"line":118,"column":23}},"10":{"start":{"line":129,"column":8},"end":{"line":129,"column":43}},"11":{"start":{"line":130,"column":8},"end":{"line":130,"column":32}},"12":{"start":{"line":132,"column":8},"end":{"line":132,"column":4946}},"13":{"start":{"line":140,"column":8},"end":{"line":140,"column":5225}},"14":{"start":{"line":141,"column":12},"end":{"line":141,"column":5297}},"15":{"start":{"line":145,"column":12},"end":{"line":145,"column":41}},"16":{"start":{"line":146,"column":12},"end":{"line":146,"column":58}},"17":{"start":{"line":148,"column":12},"end":{"line":148,"column":5494}},"18":{"start":{"line":155,"column":12},"end":{"line":155,"column":5712}},"19":{"start":{"line":162,"column":12},"end":{"line":162,"column":5899}},"20":{"start":{"line":166,"column":16},"end":{"line":166,"column":60}},"21":{"start":{"line":167,"column":16},"end":{"line":167,"column":6173}},"22":{"start":{"line":170,"column":16},"end":{"line":170,"column":6295}},"23":{"start":{"line":173,"column":16},"end":{"line":173,"column":6451}},"24":{"start":{"line":176,"column":16},"end":{"line":176,"column":6603}},"25":{"start":{"line":180,"column":16},"end":{"line":180,"column":46}},"26":{"start":{"line":184,"column":8},"end":{"line":184,"column":6809}},"27":{"start":{"line":185,"column":12},"end":{"line":185,"column":6851}},"28":{"start":{"line":193,"column":12},"end":{"line":193,"column":7159}},"29":{"start":{"line":194,"column":16},"end":{"line":194,"column":74}},"30":{"start":{"line":195,"column":16},"end":{"line":195,"column":7343}},"31":{"start":{"line":197,"column":16},"end":{"line":197,"column":7465}},"32":{"start":{"line":199,"column":16},"end":{"line":199,"column":7583}},"33":{"start":{"line":201,"column":16},"end":{"line":201,"column":7701}},"34":{"start":{"line":205,"column":12},"end":{"line":205,"column":7804}},"35":{"start":{"line":217,"column":8},"end":{"line":217,"column":26}},"36":{"start":{"line":222,"column":8},"end":{"line":222,"column":8301}},"37":{"start":{"line":223,"column":12},"end":{"line":223,"column":30}},"38":{"start":{"line":230,"column":8},"end":{"line":230,"column":8596}},"39":{"start":{"line":231,"column":12},"end":{"line":231,"column":37}},"40":{"start":{"line":238,"column":8},"end":{"line":238,"column":24}},"41":{"start":{"line":242,"column":8},"end":{"line":242,"column":8957}},"42":{"start":{"line":243,"column":12},"end":{"line":243,"column":9003}},"43":{"start":{"line":244,"column":16},"end":{"line":244,"column":48}},"44":{"start":{"line":246,"column":16},"end":{"line":246,"column":22}},"45":{"start":{"line":249,"column":8},"end":{"line":249,"column":43}},"46":{"start":{"line":250,"column":8},"end":{"line":250,"column":61}},"47":{"start":{"line":252,"column":8},"end":{"line":252,"column":9296}},"48":{"start":{"line":254,"column":12},"end":{"line":254,"column":9416}},"49":{"start":{"line":261,"column":12},"end":{"line":261,"column":73}},"50":{"start":{"line":262,"column":12},"end":{"line":262,"column":69}},"51":{"start":{"line":263,"column":12},"end":{"line":263,"column":65}},"52":{"start":{"line":264,"column":12},"end":{"line":264,"column":69}},"53":{"start":{"line":265,"column":12},"end":{"line":265,"column":47}},"54":{"start":{"line":267,"column":12},"end":{"line":267,"column":9952}},"55":{"start":{"line":278,"column":12},"end":{"line":278,"column":10272}},"56":{"start":{"line":279,"column":16},"end":{"line":279,"column":61}},"57":{"start":{"line":283,"column":8},"end":{"line":283,"column":26}},"58":{"start":{"line":295,"column":8},"end":{"line":295,"column":10694}},"59":{"start":{"line":303,"column":8},"end":{"line":303,"column":50}},"60":{"start":{"line":305,"column":8},"end":{"line":305,"column":40}},"61":{"start":{"line":318,"column":8},"end":{"line":318,"column":11335}},"62":{"start":{"line":329,"column":8},"end":{"line":329,"column":28}},"63":{"start":{"line":341,"column":8},"end":{"line":341,"column":11876}},"64":{"start":{"line":344,"column":8},"end":{"line":344,"column":65}},"65":{"start":{"line":365,"column":8},"end":{"line":365,"column":12584}},"66":{"start":{"line":368,"column":8},"end":{"line":368,"column":12714}},"67":{"start":{"line":382,"column":8},"end":{"line":382,"column":13132}},"68":{"start":{"line":385,"column":8},"end":{"line":385,"column":53}},"69":{"start":{"line":386,"column":8},"end":{"line":386,"column":20}},"70":{"start":{"line":397,"column":8},"end":{"line":397,"column":13602}},"71":{"start":{"line":400,"column":8},"end":{"line":400,"column":46}},"72":{"start":{"line":412,"column":8},"end":{"line":412,"column":43}},"73":{"start":{"line":413,"column":8},"end":{"line":413,"column":61}},"74":{"start":{"line":414,"column":8},"end":{"line":414,"column":73}},"75":{"start":{"line":416,"column":8},"end":{"line":416,"column":14233}},"76":{"start":{"line":420,"column":8},"end":{"line":420,"column":63}},"77":{"start":{"line":421,"column":8},"end":{"line":421,"column":71}},"78":{"start":{"line":422,"column":8},"end":{"line":422,"column":32}},"79":{"start":{"line":433,"column":8},"end":{"line":433,"column":14836}},"80":{"start":{"line":436,"column":8},"end":{"line":436,"column":43}},"81":{"start":{"line":442,"column":8},"end":{"line":442,"column":15165}},"82":{"start":{"line":445,"column":8},"end":{"line":445,"column":52}},"83":{"start":{"line":456,"column":8},"end":{"line":456,"column":15610}},"84":{"start":{"line":459,"column":8},"end":{"line":459,"column":47}},"85":{"start":{"line":465,"column":8},"end":{"line":465,"column":15949}},"86":{"start":{"line":468,"column":8},"end":{"line":468,"column":56}},"87":{"start":{"line":477,"column":8},"end":{"line":477,"column":16374}},"88":{"start":{"line":482,"column":8},"end":{"line":482,"column":16584}},"89":{"start":{"line":487,"column":8},"end":{"line":487,"column":60}},"90":{"start":{"line":489,"column":8},"end":{"line":489,"column":58}},"91":{"start":{"line":490,"column":8},"end":{"line":490,"column":51}},"92":{"start":{"line":492,"column":8},"end":{"line":492,"column":26}},"93":{"start":{"line":494,"column":8},"end":{"line":494,"column":31}},"94":{"start":{"line":501,"column":8},"end":{"line":501,"column":17283}},"95":{"start":{"line":502,"column":12},"end":{"line":502,"column":35}},"96":{"start":{"line":510,"column":8},"end":{"line":510,"column":55}},"97":{"start":{"line":514,"column":8},"end":{"line":514,"column":48}},"98":{"start":{"line":515,"column":8},"end":{"line":515,"column":46}},"99":{"start":{"line":516,"column":8},"end":{"line":516,"column":50}},"100":{"start":{"line":520,"column":8},"end":{"line":520,"column":48}},"101":{"start":{"line":521,"column":8},"end":{"line":521,"column":47}},"102":{"start":{"line":522,"column":8},"end":{"line":522,"column":50}},"103":{"start":{"line":526,"column":8},"end":{"line":526,"column":29}},"104":{"start":{"line":527,"column":8},"end":{"line":527,"column":41}},"105":{"start":{"line":531,"column":8},"end":{"line":531,"column":27}},"106":{"start":{"line":532,"column":8},"end":{"line":532,"column":39}},"107":{"start":{"line":536,"column":8},"end":{"line":536,"column":35}},"108":{"start":{"line":537,"column":8},"end":{"line":537,"column":47}},"109":{"start":{"line":541,"column":8},"end":{"line":541,"column":39}},"110":{"start":{"line":542,"column":8},"end":{"line":542,"column":51}},"111":{"start":{"line":546,"column":8},"end":{"line":546,"column":29}},"112":{"start":{"line":547,"column":8},"end":{"line":547,"column":41}},"113":{"start":{"line":552,"column":8},"end":{"line":552,"column":58}},"114":{"start":{"line":553,"column":8},"end":{"line":553,"column":36}},"115":{"start":{"line":557,"column":8},"end":{"line":557,"column":58}},"116":{"start":{"line":558,"column":8},"end":{"line":558,"column":36}},"117":{"start":{"line":562,"column":8},"end":{"line":562,"column":19314}},"118":{"start":{"line":566,"column":8},"end":{"line":566,"column":61}},"119":{"start":{"line":567,"column":8},"end":{"line":567,"column":38}},"120":{"start":{"line":571,"column":8},"end":{"line":571,"column":19627}},"121":{"start":{"line":575,"column":8},"end":{"line":575,"column":67}},"122":{"start":{"line":576,"column":8},"end":{"line":576,"column":42}},"123":{"start":{"line":580,"column":8},"end":{"line":580,"column":19956}},"124":{"start":{"line":584,"column":8},"end":{"line":584,"column":67}},"125":{"start":{"line":585,"column":8},"end":{"line":585,"column":42}},"126":{"start":{"line":589,"column":8},"end":{"line":589,"column":20285}},"127":{"start":{"line":593,"column":8},"end":{"line":593,"column":67}},"128":{"start":{"line":594,"column":8},"end":{"line":594,"column":42}},"129":{"start":{"line":601,"column":8},"end":{"line":601,"column":20650}},"130":{"start":{"line":605,"column":8},"end":{"line":605,"column":54}},"131":{"start":{"line":612,"column":8},"end":{"line":612,"column":20950}},"132":{"start":{"line":616,"column":8},"end":{"line":616,"column":21106}},"133":{"start":{"line":620,"column":8},"end":{"line":620,"column":56}}},"branchMap":{"1":{"line":113,"type":"if","locations":[{"start":{"line":113,"column":8},"end":{"line":113,"column":8}},{"start":{"line":113,"column":8},"end":{"line":113,"column":8}}]},"2":{"line":141,"type":"if","locations":[{"start":{"line":141,"column":12},"end":{"line":141,"column":12}},{"start":{"line":141,"column":12},"end":{"line":141,"column":12}}]},"3":{"line":148,"type":"if","locations":[{"start":{"line":148,"column":12},"end":{"line":148,"column":12}},{"start":{"line":148,"column":12},"end":{"line":148,"column":12}}]},"4":{"line":162,"type":"if","locations":[{"start":{"line":162,"column":12},"end":{"line":162,"column":12}},{"start":{"line":162,"column":12},"end":{"line":162,"column":12}}]},"5":{"line":184,"type":"if","locations":[{"start":{"line":184,"column":8},"end":{"line":184,"column":8}},{"start":{"line":184,"column":8},"end":{"line":184,"column":8}}]},"6":{"line":242,"type":"if","locations":[{"start":{"line":242,"column":8},"end":{"line":242,"column":8}},{"start":{"line":242,"column":8},"end":{"line":242,"column":8}}]},"7":{"line":243,"type":"if","locations":[{"start":{"line":243,"column":12},"end":{"line":243,"column":12}},{"start":{"line":243,"column":12},"end":{"line":243,"column":12}}]},"8":{"line":252,"type":"if","locations":[{"start":{"line":252,"column":8},"end":{"line":252,"column":8}},{"start":{"line":252,"column":8},"end":{"line":252,"column":8}}]},"9":{"line":278,"type":"if","locations":[{"start":{"line":278,"column":12},"end":{"line":278,"column":12}},{"start":{"line":278,"column":12},"end":{"line":278,"column":12}}]},"10":{"line":414,"type":"if","locations":[{"start":{"line":414,"column":8},"end":{"line":414,"column":8}},{"start":{"line":414,"column":8},"end":{"line":414,"column":8}}]},"11":{"line":477,"type":"if","locations":[{"start":{"line":477,"column":8},"end":{"line":477,"column":8}},{"start":{"line":477,"column":8},"end":{"line":477,"column":8}}]},"12":{"line":482,"type":"if","locations":[{"start":{"line":482,"column":8},"end":{"line":482,"column":8}},{"start":{"line":482,"column":8},"end":{"line":482,"column":8}}]},"13":{"line":562,"type":"if","locations":[{"start":{"line":562,"column":8},"end":{"line":562,"column":8}},{"start":{"line":562,"column":8},"end":{"line":562,"column":8}}]},"14":{"line":571,"type":"if","locations":[{"start":{"line":571,"column":8},"end":{"line":571,"column":8}},{"start":{"line":571,"column":8},"end":{"line":571,"column":8}}]},"15":{"line":580,"type":"if","locations":[{"start":{"line":580,"column":8},"end":{"line":580,"column":8}},{"start":{"line":580,"column":8},"end":{"line":580,"column":8}}]},"16":{"line":589,"type":"if","locations":[{"start":{"line":589,"column":8},"end":{"line":589,"column":8}},{"start":{"line":589,"column":8},"end":{"line":589,"column":8}}]},"17":{"line":612,"type":"if","locations":[{"start":{"line":612,"column":8},"end":{"line":612,"column":8}},{"start":{"line":612,"column":8},"end":{"line":612,"column":8}}]}}},"contracts\\maximizer\\StrategyMaximizerMasterApe.sol":{"l":{"140":0,"146":0,"152":0,"153":0,"154":0,"155":0,"156":0,"157":0,"158":0,"160":0,"161":0,"162":0,"164":0,"165":0,"167":0,"174":0,"178":0,"198":0,"199":0,"201":0,"204":0,"207":0,"208":0,"217":0,"218":0,"227":0,"229":0,"230":0,"240":0,"247":0,"253":0,"254":0,"256":0,"258":0,"260":0,"262":0,"275":0,"276":0,"280":0,"282":0,"288":0,"289":0,"291":0,"294":0,"299":0,"300":0,"301":0,"302":0,"314":0,"316":0,"320":0,"322":0,"323":0,"325":0,"328":0,"330":0,"336":0,"339":0,"343":0,"346":0,"351":0,"352":0,"355":0,"356":0,"359":0,"361":0,"373":0,"381":0,"383":0,"385":0,"391":0,"394":0,"398":0,"400":0,"402":0,"404":0,"406":0,"407":0,"410":0,"411":0,"414":0,"416":0,"436":0,"438":0,"440":0,"441":0,"443":0,"446":0,"471":0,"475":0,"476":0,"478":0,"479":0,"498":0,"500":0,"506":0,"507":0,"508":0,"518":0,"519":0,"524":0,"528":0,"534":0,"538":0,"544":0,"545":0,"550":0,"552":0,"553":0,"555":0,"565":0,"567":0,"581":0,"584":0,"587":0,"590":0,"593":0,"596":0,"599":0,"602":0,"605":0,"609":0,"620":0,"624":0,"630":0,"632":0,"634":0,"638":0,"644":0,"646":0,"648":0,"653":0,"654":0,"661":0,"662":0,"663":0,"670":0,"671":0,"672":0,"679":0,"683":0,"684":0,"685":0,"692":0,"696":0,"697":0,"698":0,"705":0,"709":0,"710":0,"711":0,"718":0,"722":0,"723":0,"724":0,"731":0,"732":0,"733":0,"740":0,"741":0,"745":0},"path":"E:\\GitRepositories\\_Doublo\\apeswap-vaults\\contracts\\maximizer\\StrategyMaximizerMasterApe.sol","s":{"1":0,"2":0,"3":0,"4":0,"5":0,"6":0,"7":0,"8":0,"9":0,"10":0,"11":0,"12":0,"13":0,"14":0,"15":0,"16":0,"17":0,"18":0,"19":0,"20":0,"21":0,"22":0,"23":0,"24":0,"25":0,"26":0,"27":0,"28":0,"29":0,"30":0,"31":0,"32":0,"33":0,"34":0,"35":0,"36":0,"37":0,"38":0,"39":0,"40":0,"41":0,"42":0,"43":0,"44":0,"45":0,"46":0,"47":0,"48":0,"49":0,"50":0,"51":0,"52":0,"53":0,"54":0,"55":0,"56":0,"57":0,"58":0,"59":0,"60":0,"61":0,"62":0,"63":0,"64":0,"65":0,"66":0,"67":0,"68":0,"69":0,"70":0,"71":0,"72":0,"73":0,"74":0,"75":0,"76":0,"77":0,"78":0,"79":0,"80":0,"81":0,"82":0,"83":0,"84":0,"85":0,"86":0,"87":0,"88":0,"89":0,"90":0,"91":0,"92":0,"93":0,"94":0,"95":0,"96":0,"97":0,"98":0,"99":0,"100":0,"101":0,"102":0,"103":0,"104":0,"105":0,"106":0,"107":0,"108":0,"109":0,"110":0,"111":0,"112":0,"113":0,"114":0,"115":0,"116":0,"117":0,"118":0,"119":0,"120":0,"121":0,"122":0,"123":0,"124":0,"125":0,"126":0,"127":0,"128":0,"129":0,"130":0,"131":0,"132":0,"133":0,"134":0,"135":0,"136":0,"137":0,"138":0,"139":0,"140":0,"141":0,"142":0,"143":0,"144":0,"145":0,"146":0,"147":0,"148":0,"149":0,"150":0,"151":0,"152":0,"153":0,"154":0,"155":0,"156":0,"157":0,"158":0,"159":0,"160":0,"161":0},"b":{"1":[0,0],"2":[0,0],"3":[0,0],"4":[0,0],"5":[0,0],"6":[0,0],"7":[0,0],"8":[0,0],"9":[0,0],"10":[0,0],"11":[0,0],"12":[0,0],"13":[0,0],"14":[0,0],"15":[0,0],"16":[0,0],"17":[0,0],"18":[0,0],"19":[0,0],"20":[0,0],"21":[0,0],"22":[0,0],"23":[0,0],"24":[0,0],"25":[0,0],"26":[0,0]},"f":{"1":0,"2":0,"3":0,"4":0,"5":0,"6":0,"7":0,"8":0,"9":0,"10":0,"11":0,"12":0,"13":0,"14":0,"15":0,"16":0,"17":0,"18":0,"19":0,"20":0,"21":0,"22":0,"23":0,"24":0,"25":0,"26":0,"27":0,"28":0,"29":0},"fnMap":{"1":{"name":"constructor","line":128,"loc":{"start":{"line":128,"column":4},"end":{"line":168,"column":4}}},"2":{"name":"onlyVaultApe","line":173,"loc":{"start":{"line":173,"column":4},"end":{"line":179,"column":4}}},"3":{"name":"earn","line":197,"loc":{"start":{"line":191,"column":4},"end":{"line":265,"column":4}}},"4":{"name":"deposit","line":273,"loc":{"start":{"line":269,"column":4},"end":{"line":303,"column":4}}},"5":{"name":"withdraw","line":312,"loc":{"start":{"line":308,"column":4},"end":{"line":362,"column":4}}},"6":{"name":"claimRewards","line":371,"loc":{"start":{"line":367,"column":4},"end":{"line":374,"column":4}}},"7":{"name":"_claimRewards","line":376,"loc":{"start":{"line":376,"column":4},"end":{"line":417,"column":4}}},"8":{"name":"getExpectedOutputs","line":424,"loc":{"start":{"line":424,"column":4},"end":{"line":461,"column":4}}},"9":{"name":"_getExpectedOutput","line":466,"loc":{"start":{"line":466,"column":4},"end":{"line":481,"column":4}}},"10":{"name":"balanceOf","line":488,"loc":{"start":{"line":488,"column":4},"end":{"line":511,"column":4}}},"11":{"name":"_approveTokenIfNeeded","line":513,"loc":{"start":{"line":513,"column":4},"end":{"line":521,"column":4}}},"12":{"name":"_rewardTokenBalance","line":523,"loc":{"start":{"line":523,"column":4},"end":{"line":525,"column":4}}},"13":{"name":"_bananaBalance","line":527,"loc":{"start":{"line":527,"column":4},"end":{"line":529,"column":4}}},"14":{"name":"totalStake","line":533,"loc":{"start":{"line":533,"column":4},"end":{"line":539,"column":4}}},"15":{
[...]
9,"column":8},"end":{"line":129,"column":8}},{"start":{"line":129,"column":8},"end":{"line":129,"column":8}}]},"6":{"line":163,"type":"if","locations":[{"start":{"line":163,"column":8},"end":{"line":163,"column":8}},{"start":{"line":163,"column":8},"end":{"line":163,"column":8}}]},"7":{"line":179,"type":"if","locations":[{"start":{"line":179,"column":8},"end":{"line":179,"column":8}},{"start":{"line":179,"column":8},"end":{"line":179,"column":8}}]},"8":{"line":221,"type":"if","locations":[{"start":{"line":221,"column":8},"end":{"line":221,"column":8}},{"start":{"line":221,"column":8},"end":{"line":221,"column":8}}]},"9":{"line":241,"type":"if","locations":[{"start":{"line":241,"column":8},"end":{"line":241,"column":8}},{"start":{"line":241,"column":8},"end":{"line":241,"column":8}}]},"10":{"line":242,"type":"if","locations":[{"start":{"line":242,"column":8},"end":{"line":242,"column":8}},{"start":{"line":242,"column":8},"end":{"line":242,"column":8}}]}}},"contracts\\VaultApe.sol":{"l":{"31":0,"38":0,"39":0,"45":0,"46":0,"47":0,"52":0,"53":0,"55":0,"56":0,"57":0,"58":0,"60":0,"65":0,"70":0,"74":0,"75":0,"76":0,"78":0,"80":0,"81":0,"82":0,"85":0,"86":0,"88":0,"93":0,"98":0,"102":0,"103":0,"104":0,"106":0,"107":0,"109":0,"110":0,"113":0,"114":0,"115":0,"117":0,"118":0,"120":0,"121":0,"123":0,"126":0,"127":0,"128":0,"130":0,"132":0,"137":0,"141":0,"142":0,"143":0,"144":0,"149":0,"150":0,"151":0,"156":0,"157":0,"158":0,"163":0,"164":0,"165":0},"path":"E:\\GitRepositories\\_Doublo\\apeswap-vaults\\contracts\\VaultApe.sol","s":{"1":0,"2":0,"3":0,"4":0,"5":0,"6":0,"7":0,"8":0,"9":0,"10":0,"11":0,"12":0,"13":0,"14":0,"15":0,"16":0,"17":0,"18":0,"19":0,"20":0,"21":0,"22":0,"23":0,"24":0,"25":0,"26":0,"27":0,"28":0,"29":0,"30":0,"31":0,"32":0,"33":0,"34":0,"35":0,"36":0,"37":0,"38":0,"39":0,"40":0,"41":0,"42":0,"43":0,"44":0,"45":0,"46":0,"47":0,"48":0,"49":0,"50":0,"51":0,"52":0,"53":0,"54":0,"55":0,"56":0,"57":0,"58":0,"59":0,"60":0,"61":0},"b":{"1":[0,0],"2":[0,0],"3":[0,0],"4":[0,0],"5":[0,0],"6":[0,0],"7":[0,0],"8":[0,0],"9":[0,0],"10":[0,0],"11":[0,0],"12":[0,0],"13":[0,0]},"f":{"1":0,"2":0,"3":0,"4":0,"5":0,"6":0,"7":0,"8":0,"9":0,"10":0,"11":0,"12":0,"13":0,"14":0},"fnMap":{"1":{"name":"poolLength","line":30,"loc":{"start":{"line":30,"column":4},"end":{"line":32,"column":4}}},"2":{"name":"addPool","line":37,"loc":{"start":{"line":37,"column":4},"end":{"line":48,"column":4}}},"3":{"name":"stakedWantTokens","line":51,"loc":{"start":{"line":51,"column":4},"end":{"line":61,"column":4}}},"4":{"name":"deposit","line":64,"loc":{"start":{"line":64,"column":4},"end":{"line":66,"column":4}}},"5":{"name":"deposit","line":69,"loc":{"start":{"line":69,"column":4},"end":{"line":71,"column":4}}},"6":{"name":"_deposit","line":73,"loc":{"start":{"line":73,"column":4},"end":{"line":89,"column":4}}},"7":{"name":"withdraw","line":92,"loc":{"start":{"line":92,"column":4},"end":{"line":94,"column":4}}},"8":{"name":"withdraw","line":97,"loc":{"start":{"line":97,"column":4},"end":{"line":99,"column":4}}},"9":{"name":"_withdraw","line":101,"loc":{"start":{"line":101,"column":4},"end":{"line":133,"column":4}}},"10":{"name":"withdrawAll","line":136,"loc":{"start":{"line":136,"column":4},"end":{"line":138,"column":4}}},"11":{"name":"resetAllowances","line":140,"loc":{"start":{"line":140,"column":4},"end":{"line":146,"column":4}}},"12":{"name":"earnAll","line":148,"loc":{"start":{"line":148,"column":4},"end":{"line":153,"column":4}}},"13":{"name":"earnSome","line":155,"loc":{"start":{"line":155,"column":4},"end":{"line":160,"column":4}}},"14":{"name":"resetSingleAllowance","line":162,"loc":{"start":{"line":162,"column":4},"end":{"line":166,"column":4}}}},"statementMap":{"1":{"start":{"line":31,"column":8},"end":{"line":31,"column":30}},"2":{"start":{"line":38,"column":8},"end":{"line":38,"column":52}},"3":{"start":{"line":39,"column":8},"end":{"line":39,"column":1506}},"4":{"start":{"line":45,"column":8},"end":{"line":45,"column":28}},"5":{"start":{"line":46,"column":8},"end":{"line":46,"column":51}},"6":{"start":{"line":47,"column":8},"end":{"line":47,"column":28}},"7":{"start":{"line":52,"column":8},"end":{"line":52,"column":46}},"8":{"start":{"line":53,"column":8},"end":{"line":53,"column":53}},"9":{"start":{"line":55,"column":8},"end":{"line":55,"column":65}},"10":{"start":{"line":56,"column":8},"end":{"line":56,"column":83}},"11":{"start":{"line":57,"column":8},"end":{"line":57,"column":2229}},"12":{"start":{"line":58,"column":12},"end":{"line":58,"column":20}},"13":{"start":{"line":60,"column":8},"end":{"line":60,"column":64}},"14":{"start":{"line":65,"column":8},"end":{"line":65,"column":43}},"15":{"start":{"line":70,"column":8},"end":{"line":70,"column":36}},"16":{"start":{"line":74,"column":8},"end":{"line":74,"column":46}},"17":{"start":{"line":75,"column":8},"end":{"line":75,"column":72}},"18":{"start":{"line":76,"column":8},"end":{"line":76,"column":51}},"19":{"start":{"line":78,"column":8},"end":{"line":78,"column":3030}},"20":{"start":{"line":80,"column":12},"end":{"line":80,"column":75}},"21":{"start":{"line":81,"column":12},"end":{"line":81,"column":74}},"22":{"start":{"line":82,"column":12},"end":{"line":82,"column":93}},"23":{"start":{"line":85,"column":12},"end":{"line":85,"column":92}},"24":{"start":{"line":86,"column":12},"end":{"line":86,"column":53}},"25":{"start":{"line":88,"column":8},"end":{"line":88,"column":41}},"26":{"start":{"line":93,"column":8},"end":{"line":93,"column":44}},"27":{"start":{"line":98,"column":8},"end":{"line":98,"column":37}},"28":{"start":{"line":102,"column":8},"end":{"line":102,"column":46}},"29":{"start":{"line":103,"column":8},"end":{"line":103,"column":72}},"30":{"start":{"line":104,"column":8},"end":{"line":104,"column":58}},"31":{"start":{"line":106,"column":8},"end":{"line":106,"column":83}},"32":{"start":{"line":107,"column":8},"end":{"line":107,"column":75}},"33":{"start":{"line":109,"column":8},"end":{"line":109,"column":51}},"34":{"start":{"line":110,"column":8},"end":{"line":110,"column":51}},"35":{"start":{"line":113,"column":8},"end":{"line":113,"column":74}},"36":{"start":{"line":114,"column":8},"end":{"line":114,"column":4674}},"37":{"start":{"line":115,"column":12},"end":{"line":115,"column":28}},"38":{"start":{"line":117,"column":8},"end":{"line":117,"column":4751}},"39":{"start":{"line":118,"column":12},"end":{"line":118,"column":98}},"40":{"start":{"line":120,"column":12},"end":{"line":120,"column":4891}},"41":{"start":{"line":121,"column":16},"end":{"line":121,"column":30}},"42":{"start":{"line":123,"column":16},"end":{"line":123,"column":59}},"43":{"start":{"line":126,"column":12},"end":{"line":126,"column":72}},"44":{"start":{"line":127,"column":12},"end":{"line":127,"column":5150}},"45":{"start":{"line":128,"column":16},"end":{"line":128,"column":33}},"46":{"start":{"line":130,"column":12},"end":{"line":130,"column":48}},"47":{"start":{"line":132,"column":8},"end":{"line":132,"column":49}},"48":{"start":{"line":137,"column":8},"end":{"line":137,"column":53}},"49":{"start":{"line":141,"column":8},"end":{"line":141,"column":5596}},"50":{"start":{"line":142,"column":12},"end":{"line":142,"column":47}},"51":{"start":{"line":143,"column":12},"end":{"line":143,"column":56}},"52":{"start":{"line":144,"column":12},"end":{"line":144,"column":73}},"53":{"start":{"line":149,"column":8},"end":{"line":149,"column":5900}},"54":{"start":{"line":150,"column":12},"end":{"line":150,"column":6012}},"55":{"start":{"line":151,"column":16},"end":{"line":151,"column":62}},"56":{"start":{"line":156,"column":8},"end":{"line":156,"column":6162}},"57":{"start":{"line":157,"column":12},"end":{"line":157,"column":6276}},"58":{"start":{"line":158,"column":16},"end":{"line":158,"column":68}},"59":{"start":{"line":163,"column":8},"end":{"line":163,"column":46}},"60":{"start":{"line":164,"column":8},"end":{"line":164,"column":52}},"61":{"start":{"line":165,"column":8},"end":{"line":165,"column":69}}},"branchMap":{"1":{"line":38,"type":"if","locations":[{"start":{"line":38,"column":8},"end":{"line":38,"column":8}},{"start":{"line":38,"column":8},"end":{"line":38,"column":8}}]},"2":{"line":57,"type":"if","locations":[{"start":{"line":57,"column":8},"end":{"line":57,"column":8}},{"start":{"line":57,"column":8},"end":{"line":57,"column":8}}]},"3":{"line":75,"type":"if","locations":[{"start":{"line":75,"column":8},"end":{"line":75,"column":8}},{"start":{"line":75,"column":8},"end":{"line":75,"column":8}}]},"4":{"line":78,"type":"if","locations":[{"start":{"line":78,"column":8},"end":{"line":78,"column":8}},{"start":{"line":78,"column":8},"end":{"line":78,"column":8}}]},"5":{"line":103,"type":"if","locations":[{"start":{"line":103,"column":8},"end":{"line":103,"column":8}},{"start":{"line":103,"column":8},"end":{"line":103,"column":8}}]},"6":{"line":109,"type":"if","locations":[{"start":{"line":109,"column":8},"end":{"line":109,"column":8}},{"start":{"line":109,"column":8},"end":{"line":109,"column":8}}]},"7":{"line":110,"type":"if","locations":[{"start":{"line":110,"column":8},"end":{"line":110,"column":8}},{"start":{"line":110,"column":8},"end":{"line":110,"column":8}}]},"8":{"line":114,"type":"if","locations":[{"start":{"line":114,"column":8},"end":{"line":114,"column":8}},{"start":{"line":114,"column":8},"end":{"line":114,"column":8}}]},"9":{"line":117,"type":"if","locations":[{"start":{"line":117,"column":8},"end":{"line":117,"column":8}},{"start":{"line":117,"column":8},"end":{"line":117,"column":8}}]},"10":{"line":120,"type":"if","locations":[{"start":{"line":120,"column":12},"end":{"line":120,"column":12}},{"start":{"line":120,"column":12},"end":{"line":120,"column":12}}]},"11":{"line":127,"type":"if","locations":[{"start":{"line":127,"column":12},"end":{"line":127,"column":12}},{"start":{"line":127,"column":12},"end":{"line":127,"column":12}}]},"12":{"line":150,"type":"if","locations":[{"start":{"line":150,"column":12},"end":{"line":150,"column":12}},{"start":{"line":150,"column":12},"end":{"line":150,"column":12}}]},"13":{"line":157,"type":"if","locations":[{"start":{"line":157,"column":12},"end":{"line":157,"column":12}},{"start":{"line":157,"column":12},"end":{"line":157,"column":12}}]}}},"contracts\\VaultApeWhitelist.sol":{"l":{"41":0,"43":0,"44":0,"46":0,"47":0,"51":0,"58":0,"59":0,"65":0,"66":0,"67":0,"72":0,"73":0,"75":0,"76":0,"77":0,"78":0,"80":0,"85":0,"90":0,"94":0,"95":0,"96":0,"98":0,"100":0,"101":0,"102":0,"105":0,"106":0,"108":0,"113":0,"118":0,"122":0,"123":0,"124":0,"126":0,"127":0,"129":0,"130":0,"133":0,"134":0,"135":0,"137":0,"138":0,"140":0,"141":0,"143":0,"146":0,"147":0,"148":0,"150":0,"152":0,"157":0,"161":0,"162":0,"163":0,"164":0,"169":0,"170":0,"171":0,"176":0,"177":0,"178":0,"183":0,"184":0,"185":0},"path":"E:\\GitRepositories\\_Doublo\\apeswap-vaults\\contracts\\VaultApeWhitelist.sol","s":{"1":0,"2":0,"3":0,"4":0,"5":0,"6":0,"7":0,"8":0,"9":0,"10":0,"11":0,"12":0,"13":0,"14":0,"15":0,"16":0,"17":0,"18":0,"19":0,"20":0,"21":0,"22":0,"23":0,"24":0,"25":0,"26":0,"27":0,"28":0,"29":0,"30":0,"31":0,"32":0,"33":0,"34":0,"35":0,"36":0,"37":0,"38":0,"39":0,"40":0,"41":0,"42":0,"43":0,"44":0,"45":0,"46":0,"47":0,"48":0,"49":0,"50":0,"51":0,"52":0,"53":0,"54":0,"55":0,"56":0,"57":0,"58":0,"59":0,"60":0,"61":0,"62":0,"63":0,"64":0,"65":0,"66":0},"b":{"1":[0,0],"2":[0,0],"3":[0,0],"4":[0,0],"5":[0,0],"6":[0,0],"7":[0,0],"8":[0,0],"9":[0,0],"10":[0,0],"11":[0,0],"12":[0,0],"13":[0,0]},"f":{"1":0,"2":0,"3":0,"4":0,"5":0,"6":0,"7":0,"8":0,"9":0,"10":0,"11":0,"12":0,"13":0,"14":0,"15":0},"fnMap":{"1":{"name":"initialize","line":39,"loc":{"start":{"line":39,"column":4},"end":{"line":48,"column":4}}},"2":{"name":"poolLength","line":50,"loc":{"start":{"line":50,"column":4},"end":{"line":52,"column":4}}},"3":{"name":"addPool","line":57,"loc":{"start":{"line":57,"column":4},"end":{"line":68,"column":4}}},"4":{"name":"stakedWantTokens","line":71,"loc":{"start":{"line":71,"column":4},"end":{"line":81,"column":4}}},"5":{"name":"deposit","line":84,"loc":{"start":{"line":84,"column":4},"end":{"line":86,"column":4}}},"6":{"name":"deposit","line":89,"loc":{"start":{"line":89,"column":4},"end":{"line":91,"column":4}}},"7":{"name":"_deposit","line":93,"loc":{"start":{"line":93,"column":4},"end":{"line":109,"column":4}}},"8":{"name":"withdraw","line":112,"loc":{"start":{"line":112,"column":4},"end":{"line":114,"column":4}}},"9":{"name":"withdraw","line":117,"loc":{"start":{"line":117,"column":4},"end":{"line":119,"column":4}}},"10":{"name":"_withdraw","line":121,"loc":{"start":{"line":121,"column":4},"end":{"line":153,"column":4}}},"11":{"name":"withdrawAll","line":156,"loc":{"start":{"line":156,"column":4},"end":{"line":158,"column":4}}},"12":{"name":"resetAllowances","line":160,"loc":{"start":{"line":160,"column":4},"end":{"line":166,"column":4}}},"13":{"name":"earnAll","line":168,"loc":{"start":{"line":168,"column":4},"end":{"line":173,"column":4}}},"14":{"name":"earnSome","line":175,"loc":{"start":{"line":175,"column":4},"end":{"line":180,"column":4}}},"15":{"name":"resetSingleAllowance","line":182,"loc":{"start":{"line":182,"column":4},"end":{"line":186,"column":4}}}},"statementMap":{"1":{"start":{"line":41,"column":8},"end":{"line":41,"column":43}},"2":{"start":{"line":43,"column":8},"end":{"line":43,"column":51}},"3":{"start":{"line":44,"column":8},"end":{"line":44,"column":55}},"4":{"start":{"line":46,"column":8},"end":{"line":46,"column":44}},"5":{"start":{"line":47,"column":8},"end":{"line":47,"column":49}},"6":{"start":{"line":51,"column":8},"end":{"line":51,"column":30}},"7":{"start":{"line":58,"column":8},"end":{"line":58,"column":52}},"8":{"start":{"line":59,"column":8},"end":{"line":59,"column":2305}},"9":{"start":{"line":65,"column":8},"end":{"line":65,"column":28}},"10":{"start":{"line":66,"column":8},"end":{"line":66,"column":51}},"11":{"start":{"line":67,"column":8},"end":{"line":67,"column":28}},"12":{"start":{"line":72,"column":8},"end":{"line":72,"column":46}},"13":{"start":{"line":73,"column":8},"end":{"line":73,"column":53}},"14":{"start":{"line":75,"column":8},"end":{"line":75,"column":65}},"15":{"start":{"line":76,"column":8},"end":{"line":76,"column":83}},"16":{"start":{"line":77,"column":8},"end":{"line":77,"column":3019}},"17":{"start":{"line":78,"column":12},"end":{"line":78,"column":20}},"18":{"start":{"line":80,"column":8},"end":{"line":80,"column":64}},"19":{"start":{"line":85,"column":8},"end":{"line":85,"column":43}},"20":{"start":{"line":90,"column":8},"end":{"line":90,"column":36}},"21":{"start":{"line":94,"column":8},"end":{"line":94,"column":46}},"22":{"start":{"line":95,"column":8},"end":{"line":95,"column":72}},"23":{"start":{"line":96,"column":8},"end":{"line":96,"column":51}},"24":{"start":{"line":98,"column":8},"end":{"line":98,"column":3846}},"25":{"start":{"line":100,"column":12},"end":{"line":100,"column":75}},"26":{"start":{"line":101,"column":12},"end":{"line":101,"column":74}},"27":{"start":{"line":102,"column":12},"end":{"line":102,"column":93}},"28":{"start":{"line":105,"column":12},"end":{"line":105,"column":92}},"29":{"start":{"line":106,"column":12},"end":{"line":106,"column":53}},"30":{"start":{"line":108,"column":8},"end":{"line":108,"column":41}},"31":{"start":{"line":113,"column":8},"end":{"line":113,"column":44}},"32":{"start":{"line":118,"column":8},"end":{"line":118,"column":37}},"33":{"start":{"line":122,"column":8},"end":{"line":122,"column":46}},"34":{"start":{"line":123,"column":8},"end":{"line":123,"column":72}},"35":{"start":{"line":124,"column":8},"end":{"line":124,"column":58}},"36":{"start":{"line":126,"column":8},"end":{"line":126,"column":83}},"37":{"start":{"line":127,"column":8},"end":{"line":127,"column":75}},"38":{"start":{"line":129,"column":8},"end":{"line":129,"column":51}},"39":{"start":{"line":130,"column":8},"end":{"line":130,"column":51}},"40":{"start":{"line":133,"column":8},"end":{"line":133,"column":74}},"41":{"start":{"line":134,"column":8},"end":{"line":134,"column":5472}},"42":{"start":{"line":135,"column":12},"end":{"line":135,"column":28}},"43":{"start":{"line":137,"column":8},"end":{"line":137,"column":5549}},"44":{"start":{"line":138,"column":12},"end":{"line":138,"column":98}},"45":{"start":{"line":140,"column":12},"end":{"line":140,"column":5689}},"46":{"start":{"line":141,"column":16},"end":{"line":141,"column":30}},"47":{"start":{"line":143,"column":16},"end":{"line":143,"column":59}},"48":{"start":{"line":146,"column":12},"end":{"line":146,"column":72}},"49":{"start":{"line":147,"column":12},"end":{"line":147,"column":5948}},"50":{"start":{"line":148,"column":16},"end":{"line":148,"column":33}},"51":{"start":{"line":150,"column":12},"end":{"line":150,"column":48}},"52":{"start":{"line":152,"column":8},"end":{"line":152,"column":49}},"53":{"start":{"line":157,"column":8},"end":{"line":157,"column":53}},"54":{"start":{"line":161,"column":8},"end":{"line":161,"column":6387}},"55":{"start":{"line":162,"column":12},"end":{"line":162,"column":47}},"56":{"start":{"line":163,"column":12},"end":{"line":163,"column":56}},"57":{"start":{"line":164,"column":12},"end":{"line":164,"column":73}},"58":{"start":{"line":169,"column":8},"end":{"line":169,"column":6682}},"59":{"start":{"line":170,"column":12},"end":{"line":170,"column":6794}},"60":{"start":{"line":171,"column":16},"end":{"line":171,"column":62}},"61":{"start":{"line":176,"column":8},"end":{"line":176,"column":6935}},"62":{"start":{"line":177,"column":12},"end":{"line":177,"column":7049}},"63":{"start":{"line":178,"column":16},"end":{"line":178,"column":68}},"64":{"start":{"line":183,"column":8},"end":{"line":183,"column":46}},"65":{"start":{"line":184,"column":8},"end":{"line":184,"column":52}},"66":{"start":{"line":185,"column":8},"end":{"line":185,"column":69}}},"branchMap":{"1":{"line":58,"type":"if","locations":[{"start":{"line":58,"column":8},"end":{"line":58,"column":8}},{"start":{"line":58,"column":8},"end":{"line":58,"column":8}}]},"2":{"line":77,"type":"if","locations":[{"start":{"line":77,"column":8},"end":{"line":77,"column":8}},{"start":{"line":77,"column":8},"end":{"line":77,"column":8}}]},"3":{"line":95,"type":"if","locations":[{"start":{"line":95,"column":8},"end":{"line":95,"column":8}},{"start":{"line":95,"column":8},"end":{"line":95,"column":8}}]},"4":{"line":98,"type":"if","locations":[{"start":{"line":98,"column":8},"end":{"line":98,"column":8}},{"start":{"line":98,"column":8},"end":{"line":98,"column":8}}]},"5":{"line":123,"type":"if","locations":[{"start":{"line":123,"column":8},"end":{"line":123,"column":8}},{"start":{"line":123,"column":8},"end":{"line":123,"column":8}}]},"6":{"line":129,"type":"if","locations":[{"start":{"line":129,"column":8},"end":{"line":129,"column":8}},{"start":{"line":129,"column":8},"end":{"line":129,"column":8}}]},"7":{"line":130,"type":"if","locations":[{"start":{"line":130,"column":8},"end":{"line":130,"column":8}},{"start":{"line":130,"column":8},"end":{"line":130,"column":8}}]},"8":{"line":134,"type":"if","locations":[{"start":{"line":134,"column":8},"end":{"line":134,"column":8}},{"start":{"line":134,"column":8},"end":{"line":134,"column":8}}]},"9":{"line":137,"type":"if","locations":[{"start":{"line":137,"column":8},"end":{"line":137,"column":8}},{"start":{"line":137,"column":8},"end":{"line":137,"column":8}}]},"10":{"line":140,"type":"if","locations":[{"start":{"line":140,"column":12},"end":{"line":140,"column":12}},{"start":{"line":140,"column":12},"end":{"line":140,"column":12}}]},"11":{"line":147,"type":"if","locations":[{"start":{"line":147,"column":12},"end":{"line":147,"column":12}},{"start":{"line":147,"column":12},"end":{"line":147,"column":12}}]},"12":{"line":170,"type":"if","locations":[{"start":{"line":170,"column":12},"end":{"line":170,"column":12}},{"start":{"line":170,"column":12},"end":{"line":170,"column":12}}]},"13":{"line":177,"type":"if","locations":[{"start":{"line":177,"column":12},"end":{"line":177,"column":12}},{"start":{"line":177,"column":12},"end":{"line":177,"column":12}}]}}}}